{"numFailedTestSuites":1,"numFailedTests":13,"numPassedTestSuites":0,"numPassedTests":1,"numPendingTestSuites":0,"numPendingTests":14,"numRuntimeErrorTestSuites":0,"numTodoTests":0,"numTotalTestSuites":1,"numTotalTests":28,"openHandles":[],"snapshot":{"added":0,"didUpdate":false,"failure":false,"filesAdded":0,"filesRemoved":0,"filesRemovedList":[],"filesUnmatched":0,"filesUpdated":0,"matched":0,"total":0,"unchecked":0,"uncheckedKeysByFile":[],"unmatched":0,"updated":0},"startTime":1665132273209,"success":false,"testResults":[{"assertionResults":[{"ancestorTitles":["Thumbnail 컴포넌트 테스트","썸네일이 표현되어야 합니다"],"failureMessages":["Error: expect(received).toBeTruthy()\n\nReceived: null\n    at Object.<anonymous> (/Users/kimminseob/Desktop/beb/sprint/sec1HA/idid/src/__test__/Thumbnail.test.js:19:21)\n    at Promise.then.completed (/Users/kimminseob/Desktop/beb/sprint/sec1HA/idid/node_modules/jest-circus/build/utils.js:276:28)\n    at new Promise (<anonymous>)\n    at callAsyncCircusFn (/Users/kimminseob/Desktop/beb/sprint/sec1HA/idid/node_modules/jest-circus/build/utils.js:216:10)\n    at _callCircusTest (/Users/kimminseob/Desktop/beb/sprint/sec1HA/idid/node_modules/jest-circus/build/run.js:212:40)\n    at processTicksAndRejections (node:internal/process/task_queues:96:5)\n    at _runTest (/Users/kimminseob/Desktop/beb/sprint/sec1HA/idid/node_modules/jest-circus/build/run.js:149:3)\n    at _runTestsForDescribeBlock (/Users/kimminseob/Desktop/beb/sprint/sec1HA/idid/node_modules/jest-circus/build/run.js:63:9)\n    at _runTestsForDescribeBlock (/Users/kimminseob/Desktop/beb/sprint/sec1HA/idid/node_modules/jest-circus/build/run.js:57:9)\n    at _runTestsForDescribeBlock (/Users/kimminseob/Desktop/beb/sprint/sec1HA/idid/node_modules/jest-circus/build/run.js:57:9)\n    at run (/Users/kimminseob/Desktop/beb/sprint/sec1HA/idid/node_modules/jest-circus/build/run.js:25:3)\n    at runAndTransformResultsToJestFormat (/Users/kimminseob/Desktop/beb/sprint/sec1HA/idid/node_modules/jest-circus/build/legacy-code-todo-rewrite/jestAdapterInit.js:176:21)\n    at jestAdapter (/Users/kimminseob/Desktop/beb/sprint/sec1HA/idid/node_modules/jest-circus/build/legacy-code-todo-rewrite/jestAdapter.js:109:19)\n    at runTestInternal (/Users/kimminseob/Desktop/beb/sprint/sec1HA/idid/node_modules/jest-runner/build/runTest.js:380:16)\n    at runTest (/Users/kimminseob/Desktop/beb/sprint/sec1HA/idid/node_modules/jest-runner/build/runTest.js:472:34)"],"fullName":"Thumbnail 컴포넌트 테스트 썸네일이 표현되어야 합니다 thumbnail 클래스를 가진 <img> 엘리먼트를 리턴해야 합니다","location":null,"status":"failed","title":"thumbnail 클래스를 가진 <img> 엘리먼트를 리턴해야 합니다"},{"ancestorTitles":["Thumbnail 컴포넌트 테스트","썸네일이 표현되어야 합니다"],"failureMessages":["Error: expect(received).toBe(expected) // Object.is equality\n\nExpected: 1\nReceived: 0\n    at Object.<anonymous> (/Users/kimminseob/Desktop/beb/sprint/sec1HA/idid/src/__test__/Thumbnail.test.js:27:30)\n    at Promise.then.completed (/Users/kimminseob/Desktop/beb/sprint/sec1HA/idid/node_modules/jest-circus/build/utils.js:276:28)\n    at new Promise (<anonymous>)\n    at callAsyncCircusFn (/Users/kimminseob/Desktop/beb/sprint/sec1HA/idid/node_modules/jest-circus/build/utils.js:216:10)\n    at _callCircusTest (/Users/kimminseob/Desktop/beb/sprint/sec1HA/idid/node_modules/jest-circus/build/run.js:212:40)\n    at processTicksAndRejections (node:internal/process/task_queues:96:5)\n    at _runTest (/Users/kimminseob/Desktop/beb/sprint/sec1HA/idid/node_modules/jest-circus/build/run.js:149:3)\n    at _runTestsForDescribeBlock (/Users/kimminseob/Desktop/beb/sprint/sec1HA/idid/node_modules/jest-circus/build/run.js:63:9)\n    at _runTestsForDescribeBlock (/Users/kimminseob/Desktop/beb/sprint/sec1HA/idid/node_modules/jest-circus/build/run.js:57:9)\n    at _runTestsForDescribeBlock (/Users/kimminseob/Desktop/beb/sprint/sec1HA/idid/node_modules/jest-circus/build/run.js:57:9)\n    at run (/Users/kimminseob/Desktop/beb/sprint/sec1HA/idid/node_modules/jest-circus/build/run.js:25:3)\n    at runAndTransformResultsToJestFormat (/Users/kimminseob/Desktop/beb/sprint/sec1HA/idid/node_modules/jest-circus/build/legacy-code-todo-rewrite/jestAdapterInit.js:176:21)\n    at jestAdapter (/Users/kimminseob/Desktop/beb/sprint/sec1HA/idid/node_modules/jest-circus/build/legacy-code-todo-rewrite/jestAdapter.js:109:19)\n    at runTestInternal (/Users/kimminseob/Desktop/beb/sprint/sec1HA/idid/node_modules/jest-runner/build/runTest.js:380:16)\n    at runTest (/Users/kimminseob/Desktop/beb/sprint/sec1HA/idid/node_modules/jest-runner/build/runTest.js:472:34)"],"fullName":"Thumbnail 컴포넌트 테스트 썸네일이 표현되어야 합니다 `source` 라는 이름의 props으로 이미지 파일 이름을 전달받아야 합니다","location":null,"status":"failed","title":"`source` 라는 이름의 props으로 이미지 파일 이름을 전달받아야 합니다"},{"ancestorTitles":["Thumbnail 컴포넌트 테스트","썸네일이 표현되어야 합니다"],"failureMessages":["Error: expect(received).toHaveAttribute()\n\nreceived value must be an HTMLElement or an SVGElement.\nReceived has value: null\n    at __EXTERNAL_MATCHER_TRAP__ (/Users/kimminseob/Desktop/beb/sprint/sec1HA/idid/node_modules/expect/build/index.js:342:30)\n    at Object.toHaveAttribute (/Users/kimminseob/Desktop/beb/sprint/sec1HA/idid/node_modules/expect/build/index.js:343:15)\n    at Object.<anonymous> (/Users/kimminseob/Desktop/beb/sprint/sec1HA/idid/src/__test__/Thumbnail.test.js:33:54)\n    at Promise.then.completed (/Users/kimminseob/Desktop/beb/sprint/sec1HA/idid/node_modules/jest-circus/build/utils.js:276:28)\n    at new Promise (<anonymous>)\n    at callAsyncCircusFn (/Users/kimminseob/Desktop/beb/sprint/sec1HA/idid/node_modules/jest-circus/build/utils.js:216:10)\n    at _callCircusTest (/Users/kimminseob/Desktop/beb/sprint/sec1HA/idid/node_modules/jest-circus/build/run.js:212:40)\n    at processTicksAndRejections (node:internal/process/task_queues:96:5)\n    at _runTest (/Users/kimminseob/Desktop/beb/sprint/sec1HA/idid/node_modules/jest-circus/build/run.js:149:3)\n    at _runTestsForDescribeBlock (/Users/kimminseob/Desktop/beb/sprint/sec1HA/idid/node_modules/jest-circus/build/run.js:63:9)\n    at _runTestsForDescribeBlock (/Users/kimminseob/Desktop/beb/sprint/sec1HA/idid/node_modules/jest-circus/build/run.js:57:9)\n    at _runTestsForDescribeBlock (/Users/kimminseob/Desktop/beb/sprint/sec1HA/idid/node_modules/jest-circus/build/run.js:57:9)\n    at run (/Users/kimminseob/Desktop/beb/sprint/sec1HA/idid/node_modules/jest-circus/build/run.js:25:3)\n    at runAndTransformResultsToJestFormat (/Users/kimminseob/Desktop/beb/sprint/sec1HA/idid/node_modules/jest-circus/build/legacy-code-todo-rewrite/jestAdapterInit.js:176:21)\n    at jestAdapter (/Users/kimminseob/Desktop/beb/sprint/sec1HA/idid/node_modules/jest-circus/build/legacy-code-todo-rewrite/jestAdapter.js:109:19)\n    at runTestInternal (/Users/kimminseob/Desktop/beb/sprint/sec1HA/idid/node_modules/jest-runner/build/runTest.js:380:16)\n    at runTest (/Users/kimminseob/Desktop/beb/sprint/sec1HA/idid/node_modules/jest-runner/build/runTest.js:472:34)"],"fullName":"Thumbnail 컴포넌트 테스트 썸네일이 표현되어야 합니다 <img> 엘리먼트는 props로 받은 source를 적용해 이미지를 표시해야 합니다","location":null,"status":"failed","title":"<img> 엘리먼트는 props로 받은 source를 적용해 이미지를 표시해야 합니다"},{"ancestorTitles":["Gallery 컴포넌트 테스트","사진 목록이 map을 이용한 반복을 통해 보여져야 합니다"],"failureMessages":["Error: expect(received).toBe(expected) // Object.is equality\n\nExpected: 3\nReceived: 0\n    at Object.<anonymous> (/Users/kimminseob/Desktop/beb/sprint/sec1HA/idid/src/__test__/Gallery.test.js:18:60)\n    at Promise.then.completed (/Users/kimminseob/Desktop/beb/sprint/sec1HA/idid/node_modules/jest-circus/build/utils.js:276:28)\n    at new Promise (<anonymous>)\n    at callAsyncCircusFn (/Users/kimminseob/Desktop/beb/sprint/sec1HA/idid/node_modules/jest-circus/build/utils.js:216:10)\n    at _callCircusTest (/Users/kimminseob/Desktop/beb/sprint/sec1HA/idid/node_modules/jest-circus/build/run.js:212:40)\n    at processTicksAndRejections (node:internal/process/task_queues:96:5)\n    at _runTest (/Users/kimminseob/Desktop/beb/sprint/sec1HA/idid/node_modules/jest-circus/build/run.js:149:3)\n    at _runTestsForDescribeBlock (/Users/kimminseob/Desktop/beb/sprint/sec1HA/idid/node_modules/jest-circus/build/run.js:63:9)\n    at _runTestsForDescribeBlock (/Users/kimminseob/Desktop/beb/sprint/sec1HA/idid/node_modules/jest-circus/build/run.js:57:9)\n    at _runTestsForDescribeBlock (/Users/kimminseob/Desktop/beb/sprint/sec1HA/idid/node_modules/jest-circus/build/run.js:57:9)\n    at run (/Users/kimminseob/Desktop/beb/sprint/sec1HA/idid/node_modules/jest-circus/build/run.js:25:3)\n    at runAndTransformResultsToJestFormat (/Users/kimminseob/Desktop/beb/sprint/sec1HA/idid/node_modules/jest-circus/build/legacy-code-todo-rewrite/jestAdapterInit.js:176:21)\n    at jestAdapter (/Users/kimminseob/Desktop/beb/sprint/sec1HA/idid/node_modules/jest-circus/build/legacy-code-todo-rewrite/jestAdapter.js:109:19)\n    at runTestInternal (/Users/kimminseob/Desktop/beb/sprint/sec1HA/idid/node_modules/jest-runner/build/runTest.js:380:16)\n    at runTest (/Users/kimminseob/Desktop/beb/sprint/sec1HA/idid/node_modules/jest-runner/build/runTest.js:472:34)"],"fullName":"Gallery 컴포넌트 테스트 사진 목록이 map을 이용한 반복을 통해 보여져야 합니다 #list 아래에 <a> 엘리먼트가 세 개 있어야합니다","location":null,"status":"failed","title":"#list 아래에 <a> 엘리먼트가 세 개 있어야합니다"},{"ancestorTitles":["Gallery 컴포넌트 테스트","사진 목록이 map을 이용한 반복을 통해 보여져야 합니다"],"failureMessages":["Error: expect(received).toBe(expected) // Object.is equality\n\nExpected: 3\nReceived: 0\n    at Object.<anonymous> (/Users/kimminseob/Desktop/beb/sprint/sec1HA/idid/src/__test__/Gallery.test.js:23:76)\n    at Promise.then.completed (/Users/kimminseob/Desktop/beb/sprint/sec1HA/idid/node_modules/jest-circus/build/utils.js:276:28)\n    at new Promise (<anonymous>)\n    at callAsyncCircusFn (/Users/kimminseob/Desktop/beb/sprint/sec1HA/idid/node_modules/jest-circus/build/utils.js:216:10)\n    at _callCircusTest (/Users/kimminseob/Desktop/beb/sprint/sec1HA/idid/node_modules/jest-circus/build/run.js:212:40)\n    at processTicksAndRejections (node:internal/process/task_queues:96:5)\n    at _runTest (/Users/kimminseob/Desktop/beb/sprint/sec1HA/idid/node_modules/jest-circus/build/run.js:149:3)\n    at _runTestsForDescribeBlock (/Users/kimminseob/Desktop/beb/sprint/sec1HA/idid/node_modules/jest-circus/build/run.js:63:9)\n    at _runTestsForDescribeBlock (/Users/kimminseob/Desktop/beb/sprint/sec1HA/idid/node_modules/jest-circus/build/run.js:57:9)\n    at _runTestsForDescribeBlock (/Users/kimminseob/Desktop/beb/sprint/sec1HA/idid/node_modules/jest-circus/build/run.js:57:9)\n    at run (/Users/kimminseob/Desktop/beb/sprint/sec1HA/idid/node_modules/jest-circus/build/run.js:25:3)\n    at runAndTransformResultsToJestFormat (/Users/kimminseob/Desktop/beb/sprint/sec1HA/idid/node_modules/jest-circus/build/legacy-code-todo-rewrite/jestAdapterInit.js:176:21)\n    at jestAdapter (/Users/kimminseob/Desktop/beb/sprint/sec1HA/idid/node_modules/jest-circus/build/legacy-code-todo-rewrite/jestAdapter.js:109:19)\n    at runTestInternal (/Users/kimminseob/Desktop/beb/sprint/sec1HA/idid/node_modules/jest-runner/build/runTest.js:380:16)\n    at runTest (/Users/kimminseob/Desktop/beb/sprint/sec1HA/idid/node_modules/jest-runner/build/runTest.js:472:34)"],"fullName":"Gallery 컴포넌트 테스트 사진 목록이 map을 이용한 반복을 통해 보여져야 합니다 <a> 엘리먼트의 자식으로 <Thumbnail> 컴포넌트가 있어야합니다","location":null,"status":"failed","title":"<a> 엘리먼트의 자식으로 <Thumbnail> 컴포넌트가 있어야합니다"},{"ancestorTitles":["Gallery 컴포넌트 테스트","목록에서 선택한 사진은 별도로 크게 보여야 합니다"],"failureMessages":[],"fullName":"Gallery 컴포넌트 테스트 목록에서 선택한 사진은 별도로 크게 보여야 합니다 선택한 사진은 상태로 존재해야 하며, 초기값은 0번째 인덱스의 이미지여야 합니다","location":null,"status":"passed","title":"선택한 사진은 상태로 존재해야 하며, 초기값은 0번째 인덱스의 이미지여야 합니다"},{"ancestorTitles":["Gallery 컴포넌트 테스트","목록에서 선택한 사진은 별도로 크게 보여야 합니다"],"failureMessages":["TypeError: list.map is not a function\n    at Gallery (/Users/kimminseob/Desktop/beb/sprint/sec1HA/idid/src/page/Gallery.js:44:15)\n    at renderWithHooks (/Users/kimminseob/Desktop/beb/sprint/sec1HA/idid/node_modules/react-dom/cjs/react-dom.development.js:14985:18)\n    at mountIndeterminateComponent (/Users/kimminseob/Desktop/beb/sprint/sec1HA/idid/node_modules/react-dom/cjs/react-dom.development.js:17811:13)\n    at beginWork (/Users/kimminseob/Desktop/beb/sprint/sec1HA/idid/node_modules/react-dom/cjs/react-dom.development.js:19049:16)\n    at HTMLUnknownElement.callCallback (/Users/kimminseob/Desktop/beb/sprint/sec1HA/idid/node_modules/react-dom/cjs/react-dom.development.js:3945:14)\n    at HTMLUnknownElement.callTheUserObjectsOperation (/Users/kimminseob/Desktop/beb/sprint/sec1HA/idid/node_modules/jsdom/lib/jsdom/living/generated/EventListener.js:26:30)\n    at innerInvokeEventListeners (/Users/kimminseob/Desktop/beb/sprint/sec1HA/idid/node_modules/jsdom/lib/jsdom/living/events/EventTarget-impl.js:338:25)\n    at invokeEventListeners (/Users/kimminseob/Desktop/beb/sprint/sec1HA/idid/node_modules/jsdom/lib/jsdom/living/events/EventTarget-impl.js:274:3)\n    at HTMLUnknownElementImpl._dispatch (/Users/kimminseob/Desktop/beb/sprint/sec1HA/idid/node_modules/jsdom/lib/jsdom/living/events/EventTarget-impl.js:221:9)\n    at HTMLUnknownElementImpl.dispatchEvent (/Users/kimminseob/Desktop/beb/sprint/sec1HA/idid/node_modules/jsdom/lib/jsdom/living/events/EventTarget-impl.js:94:17)\n    at HTMLUnknownElement.dispatchEvent (/Users/kimminseob/Desktop/beb/sprint/sec1HA/idid/node_modules/jsdom/lib/jsdom/living/generated/EventTarget.js:231:34)\n    at Object.invokeGuardedCallbackDev (/Users/kimminseob/Desktop/beb/sprint/sec1HA/idid/node_modules/react-dom/cjs/react-dom.development.js:3994:16)\n    at invokeGuardedCallback (/Users/kimminseob/Desktop/beb/sprint/sec1HA/idid/node_modules/react-dom/cjs/react-dom.development.js:4056:31)\n    at beginWork$1 (/Users/kimminseob/Desktop/beb/sprint/sec1HA/idid/node_modules/react-dom/cjs/react-dom.development.js:23964:7)\n    at performUnitOfWork (/Users/kimminseob/Desktop/beb/sprint/sec1HA/idid/node_modules/react-dom/cjs/react-dom.development.js:22779:12)\n    at workLoopSync (/Users/kimminseob/Desktop/beb/sprint/sec1HA/idid/node_modules/react-dom/cjs/react-dom.development.js:22707:5)\n    at renderRootSync (/Users/kimminseob/Desktop/beb/sprint/sec1HA/idid/node_modules/react-dom/cjs/react-dom.development.js:22670:7)\n    at performSyncWorkOnRoot (/Users/kimminseob/Desktop/beb/sprint/sec1HA/idid/node_modules/react-dom/cjs/react-dom.development.js:22293:18)\n    at scheduleUpdateOnFiber (/Users/kimminseob/Desktop/beb/sprint/sec1HA/idid/node_modules/react-dom/cjs/react-dom.development.js:21881:7)\n    at updateContainer (/Users/kimminseob/Desktop/beb/sprint/sec1HA/idid/node_modules/react-dom/cjs/react-dom.development.js:25482:3)\n    at /Users/kimminseob/Desktop/beb/sprint/sec1HA/idid/node_modules/react-dom/cjs/react-dom.development.js:26021:7\n    at unbatchedUpdates (/Users/kimminseob/Desktop/beb/sprint/sec1HA/idid/node_modules/react-dom/cjs/react-dom.development.js:22431:12)\n    at legacyRenderSubtreeIntoContainer (/Users/kimminseob/Desktop/beb/sprint/sec1HA/idid/node_modules/react-dom/cjs/react-dom.development.js:26020:5)\n    at Object.render (/Users/kimminseob/Desktop/beb/sprint/sec1HA/idid/node_modules/react-dom/cjs/react-dom.development.js:26103:10)\n    at /Users/kimminseob/Desktop/beb/sprint/sec1HA/idid/node_modules/@testing-library/react/dist/pure.js:101:25\n    at batchedUpdates$1 (/Users/kimminseob/Desktop/beb/sprint/sec1HA/idid/node_modules/react-dom/cjs/react-dom.development.js:22380:12)\n    at act (/Users/kimminseob/Desktop/beb/sprint/sec1HA/idid/node_modules/react-dom/cjs/react-dom-test-utils.development.js:1042:14)\n    at render (/Users/kimminseob/Desktop/beb/sprint/sec1HA/idid/node_modules/@testing-library/react/dist/pure.js:97:26)\n    at Object.<anonymous> (/Users/kimminseob/Desktop/beb/sprint/sec1HA/idid/src/__test__/Gallery.test.js:63:5)\n    at Promise.then.completed (/Users/kimminseob/Desktop/beb/sprint/sec1HA/idid/node_modules/jest-circus/build/utils.js:276:28)\n    at new Promise (<anonymous>)\n    at callAsyncCircusFn (/Users/kimminseob/Desktop/beb/sprint/sec1HA/idid/node_modules/jest-circus/build/utils.js:216:10)\n    at _callCircusTest (/Users/kimminseob/Desktop/beb/sprint/sec1HA/idid/node_modules/jest-circus/build/run.js:212:40)\n    at processTicksAndRejections (node:internal/process/task_queues:96:5)\n    at _runTest (/Users/kimminseob/Desktop/beb/sprint/sec1HA/idid/node_modules/jest-circus/build/run.js:149:3)\n    at _runTestsForDescribeBlock (/Users/kimminseob/Desktop/beb/sprint/sec1HA/idid/node_modules/jest-circus/build/run.js:63:9)\n    at _runTestsForDescribeBlock (/Users/kimminseob/Desktop/beb/sprint/sec1HA/idid/node_modules/jest-circus/build/run.js:57:9)\n    at _runTestsForDescribeBlock (/Users/kimminseob/Desktop/beb/sprint/sec1HA/idid/node_modules/jest-circus/build/run.js:57:9)\n    at run (/Users/kimminseob/Desktop/beb/sprint/sec1HA/idid/node_modules/jest-circus/build/run.js:25:3)\n    at runAndTransformResultsToJestFormat (/Users/kimminseob/Desktop/beb/sprint/sec1HA/idid/node_modules/jest-circus/build/legacy-code-todo-rewrite/jestAdapterInit.js:176:21)\n    at jestAdapter (/Users/kimminseob/Desktop/beb/sprint/sec1HA/idid/node_modules/jest-circus/build/legacy-code-todo-rewrite/jestAdapter.js:109:19)\n    at runTestInternal (/Users/kimminseob/Desktop/beb/sprint/sec1HA/idid/node_modules/jest-runner/build/runTest.js:380:16)\n    at runTest (/Users/kimminseob/Desktop/beb/sprint/sec1HA/idid/node_modules/jest-runner/build/runTest.js:472:34)"],"fullName":"Gallery 컴포넌트 테스트 목록에서 선택한 사진은 별도로 크게 보여야 합니다 `#current-image`에 현재 선택한 사진이 표시되어야 합니다","location":null,"status":"failed","title":"`#current-image`에 현재 선택한 사진이 표시되어야 합니다"},{"ancestorTitles":["Gallery 컴포넌트 테스트","사진 목록에 있는 사진을 클릭하면, 현재 선택한 사진이 바뀌어야 합니다"],"failureMessages":["TypeError: undefined is not iterable (cannot read property Symbol(Symbol.iterator))\n    at Gallery (/Users/kimminseob/Desktop/beb/sprint/sec1HA/idid/src/page/Gallery.js:6:27)\n    at renderWithHooks (/Users/kimminseob/Desktop/beb/sprint/sec1HA/idid/node_modules/react-dom/cjs/react-dom.development.js:14985:18)\n    at mountIndeterminateComponent (/Users/kimminseob/Desktop/beb/sprint/sec1HA/idid/node_modules/react-dom/cjs/react-dom.development.js:17811:13)\n    at beginWork (/Users/kimminseob/Desktop/beb/sprint/sec1HA/idid/node_modules/react-dom/cjs/react-dom.development.js:19049:16)\n    at HTMLUnknownElement.callCallback (/Users/kimminseob/Desktop/beb/sprint/sec1HA/idid/node_modules/react-dom/cjs/react-dom.development.js:3945:14)\n    at HTMLUnknownElement.callTheUserObjectsOperation (/Users/kimminseob/Desktop/beb/sprint/sec1HA/idid/node_modules/jsdom/lib/jsdom/living/generated/EventListener.js:26:30)\n    at innerInvokeEventListeners (/Users/kimminseob/Desktop/beb/sprint/sec1HA/idid/node_modules/jsdom/lib/jsdom/living/events/EventTarget-impl.js:338:25)\n    at invokeEventListeners (/Users/kimminseob/Desktop/beb/sprint/sec1HA/idid/node_modules/jsdom/lib/jsdom/living/events/EventTarget-impl.js:274:3)\n    at HTMLUnknownElementImpl._dispatch (/Users/kimminseob/Desktop/beb/sprint/sec1HA/idid/node_modules/jsdom/lib/jsdom/living/events/EventTarget-impl.js:221:9)\n    at HTMLUnknownElementImpl.dispatchEvent (/Users/kimminseob/Desktop/beb/sprint/sec1HA/idid/node_modules/jsdom/lib/jsdom/living/events/EventTarget-impl.js:94:17)\n    at HTMLUnknownElement.dispatchEvent (/Users/kimminseob/Desktop/beb/sprint/sec1HA/idid/node_modules/jsdom/lib/jsdom/living/generated/EventTarget.js:231:34)\n    at Object.invokeGuardedCallbackDev (/Users/kimminseob/Desktop/beb/sprint/sec1HA/idid/node_modules/react-dom/cjs/react-dom.development.js:3994:16)\n    at invokeGuardedCallback (/Users/kimminseob/Desktop/beb/sprint/sec1HA/idid/node_modules/react-dom/cjs/react-dom.development.js:4056:31)\n    at beginWork$1 (/Users/kimminseob/Desktop/beb/sprint/sec1HA/idid/node_modules/react-dom/cjs/react-dom.development.js:23964:7)\n    at performUnitOfWork (/Users/kimminseob/Desktop/beb/sprint/sec1HA/idid/node_modules/react-dom/cjs/react-dom.development.js:22779:12)\n    at workLoopSync (/Users/kimminseob/Desktop/beb/sprint/sec1HA/idid/node_modules/react-dom/cjs/react-dom.development.js:22707:5)\n    at renderRootSync (/Users/kimminseob/Desktop/beb/sprint/sec1HA/idid/node_modules/react-dom/cjs/react-dom.development.js:22670:7)\n    at performSyncWorkOnRoot (/Users/kimminseob/Desktop/beb/sprint/sec1HA/idid/node_modules/react-dom/cjs/react-dom.development.js:22293:18)\n    at scheduleUpdateOnFiber (/Users/kimminseob/Desktop/beb/sprint/sec1HA/idid/node_modules/react-dom/cjs/react-dom.development.js:21881:7)\n    at updateContainer (/Users/kimminseob/Desktop/beb/sprint/sec1HA/idid/node_modules/react-dom/cjs/react-dom.development.js:25482:3)\n    at /Users/kimminseob/Desktop/beb/sprint/sec1HA/idid/node_modules/react-dom/cjs/react-dom.development.js:26021:7\n    at unbatchedUpdates (/Users/kimminseob/Desktop/beb/sprint/sec1HA/idid/node_modules/react-dom/cjs/react-dom.development.js:22431:12)\n    at legacyRenderSubtreeIntoContainer (/Users/kimminseob/Desktop/beb/sprint/sec1HA/idid/node_modules/react-dom/cjs/react-dom.development.js:26020:5)\n    at Object.render (/Users/kimminseob/Desktop/beb/sprint/sec1HA/idid/node_modules/react-dom/cjs/react-dom.development.js:26103:10)\n    at /Users/kimminseob/Desktop/beb/sprint/sec1HA/idid/node_modules/@testing-library/react/dist/pure.js:101:25\n    at batchedUpdates$1 (/Users/kimminseob/Desktop/beb/sprint/sec1HA/idid/node_modules/react-dom/cjs/react-dom.development.js:22380:12)\n    at act (/Users/kimminseob/Desktop/beb/sprint/sec1HA/idid/node_modules/react-dom/cjs/react-dom-test-utils.development.js:1042:14)\n    at render (/Users/kimminseob/Desktop/beb/sprint/sec1HA/idid/node_modules/@testing-library/react/dist/pure.js:97:26)\n    at Object.<anonymous> (/Users/kimminseob/Desktop/beb/sprint/sec1HA/idid/src/__test__/Gallery.test.js:78:5)\n    at Promise.then.completed (/Users/kimminseob/Desktop/beb/sprint/sec1HA/idid/node_modules/jest-circus/build/utils.js:276:28)\n    at new Promise (<anonymous>)\n    at callAsyncCircusFn (/Users/kimminseob/Desktop/beb/sprint/sec1HA/idid/node_modules/jest-circus/build/utils.js:216:10)\n    at _callCircusTest (/Users/kimminseob/Desktop/beb/sprint/sec1HA/idid/node_modules/jest-circus/build/run.js:212:40)\n    at processTicksAndRejections (node:internal/process/task_queues:96:5)\n    at _runTest (/Users/kimminseob/Desktop/beb/sprint/sec1HA/idid/node_modules/jest-circus/build/run.js:149:3)\n    at _runTestsForDescribeBlock (/Users/kimminseob/Desktop/beb/sprint/sec1HA/idid/node_modules/jest-circus/build/run.js:63:9)\n    at _runTestsForDescribeBlock (/Users/kimminseob/Desktop/beb/sprint/sec1HA/idid/node_modules/jest-circus/build/run.js:57:9)\n    at _runTestsForDescribeBlock (/Users/kimminseob/Desktop/beb/sprint/sec1HA/idid/node_modules/jest-circus/build/run.js:57:9)\n    at run (/Users/kimminseob/Desktop/beb/sprint/sec1HA/idid/node_modules/jest-circus/build/run.js:25:3)\n    at runAndTransformResultsToJestFormat (/Users/kimminseob/Desktop/beb/sprint/sec1HA/idid/node_modules/jest-circus/build/legacy-code-todo-rewrite/jestAdapterInit.js:176:21)\n    at jestAdapter (/Users/kimminseob/Desktop/beb/sprint/sec1HA/idid/node_modules/jest-circus/build/legacy-code-todo-rewrite/jestAdapter.js:109:19)\n    at runTestInternal (/Users/kimminseob/Desktop/beb/sprint/sec1HA/idid/node_modules/jest-runner/build/runTest.js:380:16)\n    at runTest (/Users/kimminseob/Desktop/beb/sprint/sec1HA/idid/node_modules/jest-runner/build/runTest.js:472:34)"],"fullName":"Gallery 컴포넌트 테스트 사진 목록에 있는 사진을 클릭하면, 현재 선택한 사진이 바뀌어야 합니다 <a> 엘리먼트를 클릭하면 handleClick 함수가 실행되고, 클릭한 이미지 정보가 인자로 전달되어야 합니다","location":null,"status":"failed","title":"<a> 엘리먼트를 클릭하면 handleClick 함수가 실행되고, 클릭한 이미지 정보가 인자로 전달되어야 합니다"},{"ancestorTitles":["Gallery 컴포넌트 테스트","사진 목록에 있는 사진을 클릭하면, 현재 선택한 사진이 바뀌어야 합니다"],"failureMessages":["TypeError: undefined is not iterable (cannot read property Symbol(Symbol.iterator))\n    at Gallery (/Users/kimminseob/Desktop/beb/sprint/sec1HA/idid/src/page/Gallery.js:6:27)\n    at renderWithHooks (/Users/kimminseob/Desktop/beb/sprint/sec1HA/idid/node_modules/react-dom/cjs/react-dom.development.js:14985:18)\n    at mountIndeterminateComponent (/Users/kimminseob/Desktop/beb/sprint/sec1HA/idid/node_modules/react-dom/cjs/react-dom.development.js:17811:13)\n    at beginWork (/Users/kimminseob/Desktop/beb/sprint/sec1HA/idid/node_modules/react-dom/cjs/react-dom.development.js:19049:16)\n    at HTMLUnknownElement.callCallback (/Users/kimminseob/Desktop/beb/sprint/sec1HA/idid/node_modules/react-dom/cjs/react-dom.development.js:3945:14)\n    at HTMLUnknownElement.callTheUserObjectsOperation (/Users/kimminseob/Desktop/beb/sprint/sec1HA/idid/node_modules/jsdom/lib/jsdom/living/generated/EventListener.js:26:30)\n    at innerInvokeEventListeners (/Users/kimminseob/Desktop/beb/sprint/sec1HA/idid/node_modules/jsdom/lib/jsdom/living/events/EventTarget-impl.js:338:25)\n    at invokeEventListeners (/Users/kimminseob/Desktop/beb/sprint/sec1HA/idid/node_modules/jsdom/lib/jsdom/living/events/EventTarget-impl.js:274:3)\n    at HTMLUnknownElementImpl._dispatch (/Users/kimminseob/Desktop/beb/sprint/sec1HA/idid/node_modules/jsdom/lib/jsdom/living/events/EventTarget-impl.js:221:9)\n    at HTMLUnknownElementImpl.dispatchEvent (/Users/kimminseob/Desktop/beb/sprint/sec1HA/idid/node_modules/jsdom/lib/jsdom/living/events/EventTarget-impl.js:94:17)\n    at HTMLUnknownElement.dispatchEvent (/Users/kimminseob/Desktop/beb/sprint/sec1HA/idid/node_modules/jsdom/lib/jsdom/living/generated/EventTarget.js:231:34)\n    at Object.invokeGuardedCallbackDev (/Users/kimminseob/Desktop/beb/sprint/sec1HA/idid/node_modules/react-dom/cjs/react-dom.development.js:3994:16)\n    at invokeGuardedCallback (/Users/kimminseob/Desktop/beb/sprint/sec1HA/idid/node_modules/react-dom/cjs/react-dom.development.js:4056:31)\n    at beginWork$1 (/Users/kimminseob/Desktop/beb/sprint/sec1HA/idid/node_modules/react-dom/cjs/react-dom.development.js:23964:7)\n    at performUnitOfWork (/Users/kimminseob/Desktop/beb/sprint/sec1HA/idid/node_modules/react-dom/cjs/react-dom.development.js:22779:12)\n    at workLoopSync (/Users/kimminseob/Desktop/beb/sprint/sec1HA/idid/node_modules/react-dom/cjs/react-dom.development.js:22707:5)\n    at renderRootSync (/Users/kimminseob/Desktop/beb/sprint/sec1HA/idid/node_modules/react-dom/cjs/react-dom.development.js:22670:7)\n    at performSyncWorkOnRoot (/Users/kimminseob/Desktop/beb/sprint/sec1HA/idid/node_modules/react-dom/cjs/react-dom.development.js:22293:18)\n    at scheduleUpdateOnFiber (/Users/kimminseob/Desktop/beb/sprint/sec1HA/idid/node_modules/react-dom/cjs/react-dom.development.js:21881:7)\n    at updateContainer (/Users/kimminseob/Desktop/beb/sprint/sec1HA/idid/node_modules/react-dom/cjs/react-dom.development.js:25482:3)\n    at /Users/kimminseob/Desktop/beb/sprint/sec1HA/idid/node_modules/react-dom/cjs/react-dom.development.js:26021:7\n    at unbatchedUpdates (/Users/kimminseob/Desktop/beb/sprint/sec1HA/idid/node_modules/react-dom/cjs/react-dom.development.js:22431:12)\n    at legacyRenderSubtreeIntoContainer (/Users/kimminseob/Desktop/beb/sprint/sec1HA/idid/node_modules/react-dom/cjs/react-dom.development.js:26020:5)\n    at Object.render (/Users/kimminseob/Desktop/beb/sprint/sec1HA/idid/node_modules/react-dom/cjs/react-dom.development.js:26103:10)\n    at /Users/kimminseob/Desktop/beb/sprint/sec1HA/idid/node_modules/@testing-library/react/dist/pure.js:101:25\n    at batchedUpdates$1 (/Users/kimminseob/Desktop/beb/sprint/sec1HA/idid/node_modules/react-dom/cjs/react-dom.development.js:22380:12)\n    at act (/Users/kimminseob/Desktop/beb/sprint/sec1HA/idid/node_modules/react-dom/cjs/react-dom-test-utils.development.js:1042:14)\n    at render (/Users/kimminseob/Desktop/beb/sprint/sec1HA/idid/node_modules/@testing-library/react/dist/pure.js:97:26)\n    at Object.<anonymous> (/Users/kimminseob/Desktop/beb/sprint/sec1HA/idid/src/__test__/Gallery.test.js:86:5)\n    at Promise.then.completed (/Users/kimminseob/Desktop/beb/sprint/sec1HA/idid/node_modules/jest-circus/build/utils.js:276:28)\n    at new Promise (<anonymous>)\n    at callAsyncCircusFn (/Users/kimminseob/Desktop/beb/sprint/sec1HA/idid/node_modules/jest-circus/build/utils.js:216:10)\n    at _callCircusTest (/Users/kimminseob/Desktop/beb/sprint/sec1HA/idid/node_modules/jest-circus/build/run.js:212:40)\n    at processTicksAndRejections (node:internal/process/task_queues:96:5)\n    at _runTest (/Users/kimminseob/Desktop/beb/sprint/sec1HA/idid/node_modules/jest-circus/build/run.js:149:3)\n    at _runTestsForDescribeBlock (/Users/kimminseob/Desktop/beb/sprint/sec1HA/idid/node_modules/jest-circus/build/run.js:63:9)\n    at _runTestsForDescribeBlock (/Users/kimminseob/Desktop/beb/sprint/sec1HA/idid/node_modules/jest-circus/build/run.js:57:9)\n    at _runTestsForDescribeBlock (/Users/kimminseob/Desktop/beb/sprint/sec1HA/idid/node_modules/jest-circus/build/run.js:57:9)\n    at run (/Users/kimminseob/Desktop/beb/sprint/sec1HA/idid/node_modules/jest-circus/build/run.js:25:3)\n    at runAndTransformResultsToJestFormat (/Users/kimminseob/Desktop/beb/sprint/sec1HA/idid/node_modules/jest-circus/build/legacy-code-todo-rewrite/jestAdapterInit.js:176:21)\n    at jestAdapter (/Users/kimminseob/Desktop/beb/sprint/sec1HA/idid/node_modules/jest-circus/build/legacy-code-todo-rewrite/jestAdapter.js:109:19)\n    at runTestInternal (/Users/kimminseob/Desktop/beb/sprint/sec1HA/idid/node_modules/jest-runner/build/runTest.js:380:16)\n    at runTest (/Users/kimminseob/Desktop/beb/sprint/sec1HA/idid/node_modules/jest-runner/build/runTest.js:472:34)"],"fullName":"Gallery 컴포넌트 테스트 사진 목록에 있는 사진을 클릭하면, 현재 선택한 사진이 바뀌어야 합니다 handleClick 함수를 통해 선택한 사진에 대한 상태가 변경되어야 합니다","location":null,"status":"failed","title":"handleClick 함수를 통해 선택한 사진에 대한 상태가 변경되어야 합니다"},{"ancestorTitles":["App 컴포넌트 테스트","메뉴에는 Gallery, About이라는 두 개의 항목이 존재해야 합니다"],"failureMessages":["TypeError: undefined is not iterable (cannot read property Symbol(Symbol.iterator))\n    at BrowserRouter (/Users/kimminseob/Desktop/beb/sprint/sec1HA/idid/node_modules/react-router-dom/index.tsx:254:27)\n    at renderWithHooks (/Users/kimminseob/Desktop/beb/sprint/sec1HA/idid/node_modules/react-dom/cjs/react-dom.development.js:14985:18)\n    at mountIndeterminateComponent (/Users/kimminseob/Desktop/beb/sprint/sec1HA/idid/node_modules/react-dom/cjs/react-dom.development.js:17811:13)\n    at beginWork (/Users/kimminseob/Desktop/beb/sprint/sec1HA/idid/node_modules/react-dom/cjs/react-dom.development.js:19049:16)\n    at HTMLUnknownElement.callCallback (/Users/kimminseob/Desktop/beb/sprint/sec1HA/idid/node_modules/react-dom/cjs/react-dom.development.js:3945:14)\n    at HTMLUnknownElement.callTheUserObjectsOperation (/Users/kimminseob/Desktop/beb/sprint/sec1HA/idid/node_modules/jsdom/lib/jsdom/living/generated/EventListener.js:26:30)\n    at innerInvokeEventListeners (/Users/kimminseob/Desktop/beb/sprint/sec1HA/idid/node_modules/jsdom/lib/jsdom/living/events/EventTarget-impl.js:338:25)\n    at invokeEventListeners (/Users/kimminseob/Desktop/beb/sprint/sec1HA/idid/node_modules/jsdom/lib/jsdom/living/events/EventTarget-impl.js:274:3)\n    at HTMLUnknownElementImpl._dispatch (/Users/kimminseob/Desktop/beb/sprint/sec1HA/idid/node_modules/jsdom/lib/jsdom/living/events/EventTarget-impl.js:221:9)\n    at HTMLUnknownElementImpl.dispatchEvent (/Users/kimminseob/Desktop/beb/sprint/sec1HA/idid/node_modules/jsdom/lib/jsdom/living/events/EventTarget-impl.js:94:17)\n    at HTMLUnknownElement.dispatchEvent (/Users/kimminseob/Desktop/beb/sprint/sec1HA/idid/node_modules/jsdom/lib/jsdom/living/generated/EventTarget.js:231:34)\n    at Object.invokeGuardedCallbackDev (/Users/kimminseob/Desktop/beb/sprint/sec1HA/idid/node_modules/react-dom/cjs/react-dom.development.js:3994:16)\n    at invokeGuardedCallback (/Users/kimminseob/Desktop/beb/sprint/sec1HA/idid/node_modules/react-dom/cjs/react-dom.development.js:4056:31)\n    at beginWork$1 (/Users/kimminseob/Desktop/beb/sprint/sec1HA/idid/node_modules/react-dom/cjs/react-dom.development.js:23964:7)\n    at performUnitOfWork (/Users/kimminseob/Desktop/beb/sprint/sec1HA/idid/node_modules/react-dom/cjs/react-dom.development.js:22779:12)\n    at workLoopSync (/Users/kimminseob/Desktop/beb/sprint/sec1HA/idid/node_modules/react-dom/cjs/react-dom.development.js:22707:5)\n    at renderRootSync (/Users/kimminseob/Desktop/beb/sprint/sec1HA/idid/node_modules/react-dom/cjs/react-dom.development.js:22670:7)\n    at performSyncWorkOnRoot (/Users/kimminseob/Desktop/beb/sprint/sec1HA/idid/node_modules/react-dom/cjs/react-dom.development.js:22293:18)\n    at scheduleUpdateOnFiber (/Users/kimminseob/Desktop/beb/sprint/sec1HA/idid/node_modules/react-dom/cjs/react-dom.development.js:21881:7)\n    at updateContainer (/Users/kimminseob/Desktop/beb/sprint/sec1HA/idid/node_modules/react-dom/cjs/react-dom.development.js:25482:3)\n    at /Users/kimminseob/Desktop/beb/sprint/sec1HA/idid/node_modules/react-dom/cjs/react-dom.development.js:26021:7\n    at unbatchedUpdates (/Users/kimminseob/Desktop/beb/sprint/sec1HA/idid/node_modules/react-dom/cjs/react-dom.development.js:22431:12)\n    at legacyRenderSubtreeIntoContainer (/Users/kimminseob/Desktop/beb/sprint/sec1HA/idid/node_modules/react-dom/cjs/react-dom.development.js:26020:5)\n    at Object.render (/Users/kimminseob/Desktop/beb/sprint/sec1HA/idid/node_modules/react-dom/cjs/react-dom.development.js:26103:10)\n    at /Users/kimminseob/Desktop/beb/sprint/sec1HA/idid/node_modules/@testing-library/react/dist/pure.js:101:25\n    at batchedUpdates$1 (/Users/kimminseob/Desktop/beb/sprint/sec1HA/idid/node_modules/react-dom/cjs/react-dom.development.js:22380:12)\n    at act (/Users/kimminseob/Desktop/beb/sprint/sec1HA/idid/node_modules/react-dom/cjs/react-dom-test-utils.development.js:1042:14)\n    at render (/Users/kimminseob/Desktop/beb/sprint/sec1HA/idid/node_modules/@testing-library/react/dist/pure.js:97:26)\n    at Object.<anonymous> (/Users/kimminseob/Desktop/beb/sprint/sec1HA/idid/src/__test__/App.test.js:16:5)\n    at Promise.then.completed (/Users/kimminseob/Desktop/beb/sprint/sec1HA/idid/node_modules/jest-circus/build/utils.js:276:28)\n    at new Promise (<anonymous>)\n    at callAsyncCircusFn (/Users/kimminseob/Desktop/beb/sprint/sec1HA/idid/node_modules/jest-circus/build/utils.js:216:10)\n    at _callCircusTest (/Users/kimminseob/Desktop/beb/sprint/sec1HA/idid/node_modules/jest-circus/build/run.js:212:40)\n    at processTicksAndRejections (node:internal/process/task_queues:96:5)\n    at _runTest (/Users/kimminseob/Desktop/beb/sprint/sec1HA/idid/node_modules/jest-circus/build/run.js:149:3)\n    at _runTestsForDescribeBlock (/Users/kimminseob/Desktop/beb/sprint/sec1HA/idid/node_modules/jest-circus/build/run.js:63:9)\n    at _runTestsForDescribeBlock (/Users/kimminseob/Desktop/beb/sprint/sec1HA/idid/node_modules/jest-circus/build/run.js:57:9)\n    at _runTestsForDescribeBlock (/Users/kimminseob/Desktop/beb/sprint/sec1HA/idid/node_modules/jest-circus/build/run.js:57:9)\n    at run (/Users/kimminseob/Desktop/beb/sprint/sec1HA/idid/node_modules/jest-circus/build/run.js:25:3)\n    at runAndTransformResultsToJestFormat (/Users/kimminseob/Desktop/beb/sprint/sec1HA/idid/node_modules/jest-circus/build/legacy-code-todo-rewrite/jestAdapterInit.js:176:21)\n    at jestAdapter (/Users/kimminseob/Desktop/beb/sprint/sec1HA/idid/node_modules/jest-circus/build/legacy-code-todo-rewrite/jestAdapter.js:109:19)\n    at runTestInternal (/Users/kimminseob/Desktop/beb/sprint/sec1HA/idid/node_modules/jest-runner/build/runTest.js:380:16)\n    at runTest (/Users/kimminseob/Desktop/beb/sprint/sec1HA/idid/node_modules/jest-runner/build/runTest.js:472:34)"],"fullName":"App 컴포넌트 테스트 메뉴에는 Gallery, About이라는 두 개의 항목이 존재해야 합니다 ul > li 엘리먼트 아래에 <Link> 컴포넌트가 두 개 존재해야 합니다","location":null,"status":"failed","title":"ul > li 엘리먼트 아래에 <Link> 컴포넌트가 두 개 존재해야 합니다"},{"ancestorTitles":["App 컴포넌트 테스트","메뉴에는 Gallery, About이라는 두 개의 항목이 존재해야 합니다"],"failureMessages":["TypeError: undefined is not iterable (cannot read property Symbol(Symbol.iterator))\n    at BrowserRouter (/Users/kimminseob/Desktop/beb/sprint/sec1HA/idid/node_modules/react-router-dom/index.tsx:254:27)\n    at renderWithHooks (/Users/kimminseob/Desktop/beb/sprint/sec1HA/idid/node_modules/react-dom/cjs/react-dom.development.js:14985:18)\n    at mountIndeterminateComponent (/Users/kimminseob/Desktop/beb/sprint/sec1HA/idid/node_modules/react-dom/cjs/react-dom.development.js:17811:13)\n    at beginWork (/Users/kimminseob/Desktop/beb/sprint/sec1HA/idid/node_modules/react-dom/cjs/react-dom.development.js:19049:16)\n    at HTMLUnknownElement.callCallback (/Users/kimminseob/Desktop/beb/sprint/sec1HA/idid/node_modules/react-dom/cjs/react-dom.development.js:3945:14)\n    at HTMLUnknownElement.callTheUserObjectsOperation (/Users/kimminseob/Desktop/beb/sprint/sec1HA/idid/node_modules/jsdom/lib/jsdom/living/generated/EventListener.js:26:30)\n    at innerInvokeEventListeners (/Users/kimminseob/Desktop/beb/sprint/sec1HA/idid/node_modules/jsdom/lib/jsdom/living/events/EventTarget-impl.js:338:25)\n    at invokeEventListeners (/Users/kimminseob/Desktop/beb/sprint/sec1HA/idid/node_modules/jsdom/lib/jsdom/living/events/EventTarget-impl.js:274:3)\n    at HTMLUnknownElementImpl._dispatch (/Users/kimminseob/Desktop/beb/sprint/sec1HA/idid/node_modules/jsdom/lib/jsdom/living/events/EventTarget-impl.js:221:9)\n    at HTMLUnknownElementImpl.dispatchEvent (/Users/kimminseob/Desktop/beb/sprint/sec1HA/idid/node_modules/jsdom/lib/jsdom/living/events/EventTarget-impl.js:94:17)\n    at HTMLUnknownElement.dispatchEvent (/Users/kimminseob/Desktop/beb/sprint/sec1HA/idid/node_modules/jsdom/lib/jsdom/living/generated/EventTarget.js:231:34)\n    at Object.invokeGuardedCallbackDev (/Users/kimminseob/Desktop/beb/sprint/sec1HA/idid/node_modules/react-dom/cjs/react-dom.development.js:3994:16)\n    at invokeGuardedCallback (/Users/kimminseob/Desktop/beb/sprint/sec1HA/idid/node_modules/react-dom/cjs/react-dom.development.js:4056:31)\n    at beginWork$1 (/Users/kimminseob/Desktop/beb/sprint/sec1HA/idid/node_modules/react-dom/cjs/react-dom.development.js:23964:7)\n    at performUnitOfWork (/Users/kimminseob/Desktop/beb/sprint/sec1HA/idid/node_modules/react-dom/cjs/react-dom.development.js:22779:12)\n    at workLoopSync (/Users/kimminseob/Desktop/beb/sprint/sec1HA/idid/node_modules/react-dom/cjs/react-dom.development.js:22707:5)\n    at renderRootSync (/Users/kimminseob/Desktop/beb/sprint/sec1HA/idid/node_modules/react-dom/cjs/react-dom.development.js:22670:7)\n    at performSyncWorkOnRoot (/Users/kimminseob/Desktop/beb/sprint/sec1HA/idid/node_modules/react-dom/cjs/react-dom.development.js:22293:18)\n    at scheduleUpdateOnFiber (/Users/kimminseob/Desktop/beb/sprint/sec1HA/idid/node_modules/react-dom/cjs/react-dom.development.js:21881:7)\n    at updateContainer (/Users/kimminseob/Desktop/beb/sprint/sec1HA/idid/node_modules/react-dom/cjs/react-dom.development.js:25482:3)\n    at /Users/kimminseob/Desktop/beb/sprint/sec1HA/idid/node_modules/react-dom/cjs/react-dom.development.js:26021:7\n    at unbatchedUpdates (/Users/kimminseob/Desktop/beb/sprint/sec1HA/idid/node_modules/react-dom/cjs/react-dom.development.js:22431:12)\n    at legacyRenderSubtreeIntoContainer (/Users/kimminseob/Desktop/beb/sprint/sec1HA/idid/node_modules/react-dom/cjs/react-dom.development.js:26020:5)\n    at Object.render (/Users/kimminseob/Desktop/beb/sprint/sec1HA/idid/node_modules/react-dom/cjs/react-dom.development.js:26103:10)\n    at /Users/kimminseob/Desktop/beb/sprint/sec1HA/idid/node_modules/@testing-library/react/dist/pure.js:101:25\n    at batchedUpdates$1 (/Users/kimminseob/Desktop/beb/sprint/sec1HA/idid/node_modules/react-dom/cjs/react-dom.development.js:22380:12)\n    at act (/Users/kimminseob/Desktop/beb/sprint/sec1HA/idid/node_modules/react-dom/cjs/react-dom-test-utils.development.js:1042:14)\n    at render (/Users/kimminseob/Desktop/beb/sprint/sec1HA/idid/node_modules/@testing-library/react/dist/pure.js:97:26)\n    at Object.<anonymous> (/Users/kimminseob/Desktop/beb/sprint/sec1HA/idid/src/__test__/App.test.js:26:5)\n    at Promise.then.completed (/Users/kimminseob/Desktop/beb/sprint/sec1HA/idid/node_modules/jest-circus/build/utils.js:276:28)\n    at new Promise (<anonymous>)\n    at callAsyncCircusFn (/Users/kimminseob/Desktop/beb/sprint/sec1HA/idid/node_modules/jest-circus/build/utils.js:216:10)\n    at _callCircusTest (/Users/kimminseob/Desktop/beb/sprint/sec1HA/idid/node_modules/jest-circus/build/run.js:212:40)\n    at processTicksAndRejections (node:internal/process/task_queues:96:5)\n    at _runTest (/Users/kimminseob/Desktop/beb/sprint/sec1HA/idid/node_modules/jest-circus/build/run.js:149:3)\n    at _runTestsForDescribeBlock (/Users/kimminseob/Desktop/beb/sprint/sec1HA/idid/node_modules/jest-circus/build/run.js:63:9)\n    at _runTestsForDescribeBlock (/Users/kimminseob/Desktop/beb/sprint/sec1HA/idid/node_modules/jest-circus/build/run.js:57:9)\n    at _runTestsForDescribeBlock (/Users/kimminseob/Desktop/beb/sprint/sec1HA/idid/node_modules/jest-circus/build/run.js:57:9)\n    at run (/Users/kimminseob/Desktop/beb/sprint/sec1HA/idid/node_modules/jest-circus/build/run.js:25:3)\n    at runAndTransformResultsToJestFormat (/Users/kimminseob/Desktop/beb/sprint/sec1HA/idid/node_modules/jest-circus/build/legacy-code-todo-rewrite/jestAdapterInit.js:176:21)\n    at jestAdapter (/Users/kimminseob/Desktop/beb/sprint/sec1HA/idid/node_modules/jest-circus/build/legacy-code-todo-rewrite/jestAdapter.js:109:19)\n    at runTestInternal (/Users/kimminseob/Desktop/beb/sprint/sec1HA/idid/node_modules/jest-runner/build/runTest.js:380:16)\n    at runTest (/Users/kimminseob/Desktop/beb/sprint/sec1HA/idid/node_modules/jest-runner/build/runTest.js:472:34)"],"fullName":"App 컴포넌트 테스트 메뉴에는 Gallery, About이라는 두 개의 항목이 존재해야 합니다 <Link> 컴포넌트는 각각 `/`, `/about` 주소로 이동할 수 있어야 합니다","location":null,"status":"failed","title":"<Link> 컴포넌트는 각각 `/`, `/about` 주소로 이동할 수 있어야 합니다"},{"ancestorTitles":["App 컴포넌트 테스트","페이지 영역이 존재하며, 메뉴 선택에 따라 페이지가 바뀌어야 합니다"],"failureMessages":["TypeError: undefined is not iterable (cannot read property Symbol(Symbol.iterator))\n    at BrowserRouter (/Users/kimminseob/Desktop/beb/sprint/sec1HA/idid/node_modules/react-router-dom/index.tsx:254:27)\n    at renderWithHooks (/Users/kimminseob/Desktop/beb/sprint/sec1HA/idid/node_modules/react-dom/cjs/react-dom.development.js:14985:18)\n    at mountIndeterminateComponent (/Users/kimminseob/Desktop/beb/sprint/sec1HA/idid/node_modules/react-dom/cjs/react-dom.development.js:17811:13)\n    at beginWork (/Users/kimminseob/Desktop/beb/sprint/sec1HA/idid/node_modules/react-dom/cjs/react-dom.development.js:19049:16)\n    at HTMLUnknownElement.callCallback (/Users/kimminseob/Desktop/beb/sprint/sec1HA/idid/node_modules/react-dom/cjs/react-dom.development.js:3945:14)\n    at HTMLUnknownElement.callTheUserObjectsOperation (/Users/kimminseob/Desktop/beb/sprint/sec1HA/idid/node_modules/jsdom/lib/jsdom/living/generated/EventListener.js:26:30)\n    at innerInvokeEventListeners (/Users/kimminseob/Desktop/beb/sprint/sec1HA/idid/node_modules/jsdom/lib/jsdom/living/events/EventTarget-impl.js:338:25)\n    at invokeEventListeners (/Users/kimminseob/Desktop/beb/sprint/sec1HA/idid/node_modules/jsdom/lib/jsdom/living/events/EventTarget-impl.js:274:3)\n    at HTMLUnknownElementImpl._dispatch (/Users/kimminseob/Desktop/beb/sprint/sec1HA/idid/node_modules/jsdom/lib/jsdom/living/events/EventTarget-impl.js:221:9)\n    at HTMLUnknownElementImpl.dispatchEvent (/Users/kimminseob/Desktop/beb/sprint/sec1HA/idid/node_modules/jsdom/lib/jsdom/living/events/EventTarget-impl.js:94:17)\n    at HTMLUnknownElement.dispatchEvent (/Users/kimminseob/Desktop/beb/sprint/sec1HA/idid/node_modules/jsdom/lib/jsdom/living/generated/EventTarget.js:231:34)\n    at Object.invokeGuardedCallbackDev (/Users/kimminseob/Desktop/beb/sprint/sec1HA/idid/node_modules/react-dom/cjs/react-dom.development.js:3994:16)\n    at invokeGuardedCallback (/Users/kimminseob/Desktop/beb/sprint/sec1HA/idid/node_modules/react-dom/cjs/react-dom.development.js:4056:31)\n    at beginWork$1 (/Users/kimminseob/Desktop/beb/sprint/sec1HA/idid/node_modules/react-dom/cjs/react-dom.development.js:23964:7)\n    at performUnitOfWork (/Users/kimminseob/Desktop/beb/sprint/sec1HA/idid/node_modules/react-dom/cjs/react-dom.development.js:22779:12)\n    at workLoopSync (/Users/kimminseob/Desktop/beb/sprint/sec1HA/idid/node_modules/react-dom/cjs/react-dom.development.js:22707:5)\n    at renderRootSync (/Users/kimminseob/Desktop/beb/sprint/sec1HA/idid/node_modules/react-dom/cjs/react-dom.development.js:22670:7)\n    at performSyncWorkOnRoot (/Users/kimminseob/Desktop/beb/sprint/sec1HA/idid/node_modules/react-dom/cjs/react-dom.development.js:22293:18)\n    at scheduleUpdateOnFiber (/Users/kimminseob/Desktop/beb/sprint/sec1HA/idid/node_modules/react-dom/cjs/react-dom.development.js:21881:7)\n    at updateContainer (/Users/kimminseob/Desktop/beb/sprint/sec1HA/idid/node_modules/react-dom/cjs/react-dom.development.js:25482:3)\n    at /Users/kimminseob/Desktop/beb/sprint/sec1HA/idid/node_modules/react-dom/cjs/react-dom.development.js:26021:7\n    at unbatchedUpdates (/Users/kimminseob/Desktop/beb/sprint/sec1HA/idid/node_modules/react-dom/cjs/react-dom.development.js:22431:12)\n    at legacyRenderSubtreeIntoContainer (/Users/kimminseob/Desktop/beb/sprint/sec1HA/idid/node_modules/react-dom/cjs/react-dom.development.js:26020:5)\n    at Object.render (/Users/kimminseob/Desktop/beb/sprint/sec1HA/idid/node_modules/react-dom/cjs/react-dom.development.js:26103:10)\n    at /Users/kimminseob/Desktop/beb/sprint/sec1HA/idid/node_modules/@testing-library/react/dist/pure.js:101:25\n    at batchedUpdates$1 (/Users/kimminseob/Desktop/beb/sprint/sec1HA/idid/node_modules/react-dom/cjs/react-dom.development.js:22380:12)\n    at act (/Users/kimminseob/Desktop/beb/sprint/sec1HA/idid/node_modules/react-dom/cjs/react-dom-test-utils.development.js:1042:14)\n    at render (/Users/kimminseob/Desktop/beb/sprint/sec1HA/idid/node_modules/@testing-library/react/dist/pure.js:97:26)\n    at Object.<anonymous> (/Users/kimminseob/Desktop/beb/sprint/sec1HA/idid/src/__test__/App.test.js:42:5)\n    at Promise.then.completed (/Users/kimminseob/Desktop/beb/sprint/sec1HA/idid/node_modules/jest-circus/build/utils.js:276:28)\n    at new Promise (<anonymous>)\n    at callAsyncCircusFn (/Users/kimminseob/Desktop/beb/sprint/sec1HA/idid/node_modules/jest-circus/build/utils.js:216:10)\n    at _callCircusTest (/Users/kimminseob/Desktop/beb/sprint/sec1HA/idid/node_modules/jest-circus/build/run.js:212:40)\n    at processTicksAndRejections (node:internal/process/task_queues:96:5)\n    at _runTest (/Users/kimminseob/Desktop/beb/sprint/sec1HA/idid/node_modules/jest-circus/build/run.js:149:3)\n    at _runTestsForDescribeBlock (/Users/kimminseob/Desktop/beb/sprint/sec1HA/idid/node_modules/jest-circus/build/run.js:63:9)\n    at _runTestsForDescribeBlock (/Users/kimminseob/Desktop/beb/sprint/sec1HA/idid/node_modules/jest-circus/build/run.js:57:9)\n    at _runTestsForDescribeBlock (/Users/kimminseob/Desktop/beb/sprint/sec1HA/idid/node_modules/jest-circus/build/run.js:57:9)\n    at run (/Users/kimminseob/Desktop/beb/sprint/sec1HA/idid/node_modules/jest-circus/build/run.js:25:3)\n    at runAndTransformResultsToJestFormat (/Users/kimminseob/Desktop/beb/sprint/sec1HA/idid/node_modules/jest-circus/build/legacy-code-todo-rewrite/jestAdapterInit.js:176:21)\n    at jestAdapter (/Users/kimminseob/Desktop/beb/sprint/sec1HA/idid/node_modules/jest-circus/build/legacy-code-todo-rewrite/jestAdapter.js:109:19)\n    at runTestInternal (/Users/kimminseob/Desktop/beb/sprint/sec1HA/idid/node_modules/jest-runner/build/runTest.js:380:16)\n    at runTest (/Users/kimminseob/Desktop/beb/sprint/sec1HA/idid/node_modules/jest-runner/build/runTest.js:472:34)"],"fullName":"App 컴포넌트 테스트 페이지 영역이 존재하며, 메뉴 선택에 따라 페이지가 바뀌어야 합니다 `#page` 영역에 라우팅에 따른 페이지 분기를 구현해야 합니다","location":null,"status":"failed","title":"`#page` 영역에 라우팅에 따른 페이지 분기를 구현해야 합니다"},{"ancestorTitles":["App 컴포넌트 테스트","페이지 영역이 존재하며, 메뉴 선택에 따라 페이지가 바뀌어야 합니다"],"failureMessages":["TypeError: undefined is not iterable (cannot read property Symbol(Symbol.iterator))\n    at BrowserRouter (/Users/kimminseob/Desktop/beb/sprint/sec1HA/idid/node_modules/react-router-dom/index.tsx:254:27)\n    at renderWithHooks (/Users/kimminseob/Desktop/beb/sprint/sec1HA/idid/node_modules/react-dom/cjs/react-dom.development.js:14985:18)\n    at mountIndeterminateComponent (/Users/kimminseob/Desktop/beb/sprint/sec1HA/idid/node_modules/react-dom/cjs/react-dom.development.js:17811:13)\n    at beginWork (/Users/kimminseob/Desktop/beb/sprint/sec1HA/idid/node_modules/react-dom/cjs/react-dom.development.js:19049:16)\n    at HTMLUnknownElement.callCallback (/Users/kimminseob/Desktop/beb/sprint/sec1HA/idid/node_modules/react-dom/cjs/react-dom.development.js:3945:14)\n    at HTMLUnknownElement.callTheUserObjectsOperation (/Users/kimminseob/Desktop/beb/sprint/sec1HA/idid/node_modules/jsdom/lib/jsdom/living/generated/EventListener.js:26:30)\n    at innerInvokeEventListeners (/Users/kimminseob/Desktop/beb/sprint/sec1HA/idid/node_modules/jsdom/lib/jsdom/living/events/EventTarget-impl.js:338:25)\n    at invokeEventListeners (/Users/kimminseob/Desktop/beb/sprint/sec1HA/idid/node_modules/jsdom/lib/jsdom/living/events/EventTarget-impl.js:274:3)\n    at HTMLUnknownElementImpl._dispatch (/Users/kimminseob/Desktop/beb/sprint/sec1HA/idid/node_modules/jsdom/lib/jsdom/living/events/EventTarget-impl.js:221:9)\n    at HTMLUnknownElementImpl.dispatchEvent (/Users/kimminseob/Desktop/beb/sprint/sec1HA/idid/node_modules/jsdom/lib/jsdom/living/events/EventTarget-impl.js:94:17)\n    at HTMLUnknownElement.dispatchEvent (/Users/kimminseob/Desktop/beb/sprint/sec1HA/idid/node_modules/jsdom/lib/jsdom/living/generated/EventTarget.js:231:34)\n    at Object.invokeGuardedCallbackDev (/Users/kimminseob/Desktop/beb/sprint/sec1HA/idid/node_modules/react-dom/cjs/react-dom.development.js:3994:16)\n    at invokeGuardedCallback (/Users/kimminseob/Desktop/beb/sprint/sec1HA/idid/node_modules/react-dom/cjs/react-dom.development.js:4056:31)\n    at beginWork$1 (/Users/kimminseob/Desktop/beb/sprint/sec1HA/idid/node_modules/react-dom/cjs/react-dom.development.js:23964:7)\n    at performUnitOfWork (/Users/kimminseob/Desktop/beb/sprint/sec1HA/idid/node_modules/react-dom/cjs/react-dom.development.js:22779:12)\n    at workLoopSync (/Users/kimminseob/Desktop/beb/sprint/sec1HA/idid/node_modules/react-dom/cjs/react-dom.development.js:22707:5)\n    at renderRootSync (/Users/kimminseob/Desktop/beb/sprint/sec1HA/idid/node_modules/react-dom/cjs/react-dom.development.js:22670:7)\n    at performSyncWorkOnRoot (/Users/kimminseob/Desktop/beb/sprint/sec1HA/idid/node_modules/react-dom/cjs/react-dom.development.js:22293:18)\n    at scheduleUpdateOnFiber (/Users/kimminseob/Desktop/beb/sprint/sec1HA/idid/node_modules/react-dom/cjs/react-dom.development.js:21881:7)\n    at updateContainer (/Users/kimminseob/Desktop/beb/sprint/sec1HA/idid/node_modules/react-dom/cjs/react-dom.development.js:25482:3)\n    at /Users/kimminseob/Desktop/beb/sprint/sec1HA/idid/node_modules/react-dom/cjs/react-dom.development.js:26021:7\n    at unbatchedUpdates (/Users/kimminseob/Desktop/beb/sprint/sec1HA/idid/node_modules/react-dom/cjs/react-dom.development.js:22431:12)\n    at legacyRenderSubtreeIntoContainer (/Users/kimminseob/Desktop/beb/sprint/sec1HA/idid/node_modules/react-dom/cjs/react-dom.development.js:26020:5)\n    at Object.render (/Users/kimminseob/Desktop/beb/sprint/sec1HA/idid/node_modules/react-dom/cjs/react-dom.development.js:26103:10)\n    at /Users/kimminseob/Desktop/beb/sprint/sec1HA/idid/node_modules/@testing-library/react/dist/pure.js:101:25\n    at batchedUpdates$1 (/Users/kimminseob/Desktop/beb/sprint/sec1HA/idid/node_modules/react-dom/cjs/react-dom.development.js:22380:12)\n    at act (/Users/kimminseob/Desktop/beb/sprint/sec1HA/idid/node_modules/react-dom/cjs/react-dom-test-utils.development.js:1042:14)\n    at render (/Users/kimminseob/Desktop/beb/sprint/sec1HA/idid/node_modules/@testing-library/react/dist/pure.js:97:26)\n    at Object.<anonymous> (/Users/kimminseob/Desktop/beb/sprint/sec1HA/idid/src/__test__/App.test.js:48:5)\n    at Promise.then.completed (/Users/kimminseob/Desktop/beb/sprint/sec1HA/idid/node_modules/jest-circus/build/utils.js:276:28)\n    at new Promise (<anonymous>)\n    at callAsyncCircusFn (/Users/kimminseob/Desktop/beb/sprint/sec1HA/idid/node_modules/jest-circus/build/utils.js:216:10)\n    at _callCircusTest (/Users/kimminseob/Desktop/beb/sprint/sec1HA/idid/node_modules/jest-circus/build/run.js:212:40)\n    at processTicksAndRejections (node:internal/process/task_queues:96:5)\n    at _runTest (/Users/kimminseob/Desktop/beb/sprint/sec1HA/idid/node_modules/jest-circus/build/run.js:149:3)\n    at _runTestsForDescribeBlock (/Users/kimminseob/Desktop/beb/sprint/sec1HA/idid/node_modules/jest-circus/build/run.js:63:9)\n    at _runTestsForDescribeBlock (/Users/kimminseob/Desktop/beb/sprint/sec1HA/idid/node_modules/jest-circus/build/run.js:57:9)\n    at _runTestsForDescribeBlock (/Users/kimminseob/Desktop/beb/sprint/sec1HA/idid/node_modules/jest-circus/build/run.js:57:9)\n    at run (/Users/kimminseob/Desktop/beb/sprint/sec1HA/idid/node_modules/jest-circus/build/run.js:25:3)\n    at runAndTransformResultsToJestFormat (/Users/kimminseob/Desktop/beb/sprint/sec1HA/idid/node_modules/jest-circus/build/legacy-code-todo-rewrite/jestAdapterInit.js:176:21)\n    at jestAdapter (/Users/kimminseob/Desktop/beb/sprint/sec1HA/idid/node_modules/jest-circus/build/legacy-code-todo-rewrite/jestAdapter.js:109:19)\n    at runTestInternal (/Users/kimminseob/Desktop/beb/sprint/sec1HA/idid/node_modules/jest-runner/build/runTest.js:380:16)\n    at runTest (/Users/kimminseob/Desktop/beb/sprint/sec1HA/idid/node_modules/jest-runner/build/runTest.js:472:34)"],"fullName":"App 컴포넌트 테스트 페이지 영역이 존재하며, 메뉴 선택에 따라 페이지가 바뀌어야 합니다 기본적으로 <Gallery> 페이지가 보여야 합니다","location":null,"status":"failed","title":"기본적으로 <Gallery> 페이지가 보여야 합니다"},{"ancestorTitles":["App 컴포넌트 테스트","페이지 영역이 존재하며, 메뉴 선택에 따라 페이지가 바뀌어야 합니다"],"failureMessages":["TypeError: undefined is not iterable (cannot read property Symbol(Symbol.iterator))\n    at BrowserRouter (/Users/kimminseob/Desktop/beb/sprint/sec1HA/idid/node_modules/react-router-dom/index.tsx:254:27)\n    at renderWithHooks (/Users/kimminseob/Desktop/beb/sprint/sec1HA/idid/node_modules/react-dom/cjs/react-dom.development.js:14985:18)\n    at mountIndeterminateComponent (/Users/kimminseob/Desktop/beb/sprint/sec1HA/idid/node_modules/react-dom/cjs/react-dom.development.js:17811:13)\n    at beginWork (/Users/kimminseob/Desktop/beb/sprint/sec1HA/idid/node_modules/react-dom/cjs/react-dom.development.js:19049:16)\n    at HTMLUnknownElement.callCallback (/Users/kimminseob/Desktop/beb/sprint/sec1HA/idid/node_modules/react-dom/cjs/react-dom.development.js:3945:14)\n    at HTMLUnknownElement.callTheUserObjectsOperation (/Users/kimminseob/Desktop/beb/sprint/sec1HA/idid/node_modules/jsdom/lib/jsdom/living/generated/EventListener.js:26:30)\n    at innerInvokeEventListeners (/Users/kimminseob/Desktop/beb/sprint/sec1HA/idid/node_modules/jsdom/lib/jsdom/living/events/EventTarget-impl.js:338:25)\n    at invokeEventListeners (/Users/kimminseob/Desktop/beb/sprint/sec1HA/idid/node_modules/jsdom/lib/jsdom/living/events/EventTarget-impl.js:274:3)\n    at HTMLUnknownElementImpl._dispatch (/Users/kimminseob/Desktop/beb/sprint/sec1HA/idid/node_modules/jsdom/lib/jsdom/living/events/EventTarget-impl.js:221:9)\n    at HTMLUnknownElementImpl.dispatchEvent (/Users/kimminseob/Desktop/beb/sprint/sec1HA/idid/node_modules/jsdom/lib/jsdom/living/events/EventTarget-impl.js:94:17)\n    at HTMLUnknownElement.dispatchEvent (/Users/kimminseob/Desktop/beb/sprint/sec1HA/idid/node_modules/jsdom/lib/jsdom/living/generated/EventTarget.js:231:34)\n    at Object.invokeGuardedCallbackDev (/Users/kimminseob/Desktop/beb/sprint/sec1HA/idid/node_modules/react-dom/cjs/react-dom.development.js:3994:16)\n    at invokeGuardedCallback (/Users/kimminseob/Desktop/beb/sprint/sec1HA/idid/node_modules/react-dom/cjs/react-dom.development.js:4056:31)\n    at beginWork$1 (/Users/kimminseob/Desktop/beb/sprint/sec1HA/idid/node_modules/react-dom/cjs/react-dom.development.js:23964:7)\n    at performUnitOfWork (/Users/kimminseob/Desktop/beb/sprint/sec1HA/idid/node_modules/react-dom/cjs/react-dom.development.js:22779:12)\n    at workLoopSync (/Users/kimminseob/Desktop/beb/sprint/sec1HA/idid/node_modules/react-dom/cjs/react-dom.development.js:22707:5)\n    at renderRootSync (/Users/kimminseob/Desktop/beb/sprint/sec1HA/idid/node_modules/react-dom/cjs/react-dom.development.js:22670:7)\n    at performSyncWorkOnRoot (/Users/kimminseob/Desktop/beb/sprint/sec1HA/idid/node_modules/react-dom/cjs/react-dom.development.js:22293:18)\n    at scheduleUpdateOnFiber (/Users/kimminseob/Desktop/beb/sprint/sec1HA/idid/node_modules/react-dom/cjs/react-dom.development.js:21881:7)\n    at updateContainer (/Users/kimminseob/Desktop/beb/sprint/sec1HA/idid/node_modules/react-dom/cjs/react-dom.development.js:25482:3)\n    at /Users/kimminseob/Desktop/beb/sprint/sec1HA/idid/node_modules/react-dom/cjs/react-dom.development.js:26021:7\n    at unbatchedUpdates (/Users/kimminseob/Desktop/beb/sprint/sec1HA/idid/node_modules/react-dom/cjs/react-dom.development.js:22431:12)\n    at legacyRenderSubtreeIntoContainer (/Users/kimminseob/Desktop/beb/sprint/sec1HA/idid/node_modules/react-dom/cjs/react-dom.development.js:26020:5)\n    at Object.render (/Users/kimminseob/Desktop/beb/sprint/sec1HA/idid/node_modules/react-dom/cjs/react-dom.development.js:26103:10)\n    at /Users/kimminseob/Desktop/beb/sprint/sec1HA/idid/node_modules/@testing-library/react/dist/pure.js:101:25\n    at batchedUpdates$1 (/Users/kimminseob/Desktop/beb/sprint/sec1HA/idid/node_modules/react-dom/cjs/react-dom.development.js:22380:12)\n    at act (/Users/kimminseob/Desktop/beb/sprint/sec1HA/idid/node_modules/react-dom/cjs/react-dom-test-utils.development.js:1042:14)\n    at render (/Users/kimminseob/Desktop/beb/sprint/sec1HA/idid/node_modules/@testing-library/react/dist/pure.js:97:26)\n    at Object.<anonymous> (/Users/kimminseob/Desktop/beb/sprint/sec1HA/idid/src/__test__/App.test.js:54:5)\n    at Promise.then.completed (/Users/kimminseob/Desktop/beb/sprint/sec1HA/idid/node_modules/jest-circus/build/utils.js:276:28)\n    at new Promise (<anonymous>)\n    at callAsyncCircusFn (/Users/kimminseob/Desktop/beb/sprint/sec1HA/idid/node_modules/jest-circus/build/utils.js:216:10)\n    at _callCircusTest (/Users/kimminseob/Desktop/beb/sprint/sec1HA/idid/node_modules/jest-circus/build/run.js:212:40)\n    at processTicksAndRejections (node:internal/process/task_queues:96:5)\n    at _runTest (/Users/kimminseob/Desktop/beb/sprint/sec1HA/idid/node_modules/jest-circus/build/run.js:149:3)\n    at _runTestsForDescribeBlock (/Users/kimminseob/Desktop/beb/sprint/sec1HA/idid/node_modules/jest-circus/build/run.js:63:9)\n    at _runTestsForDescribeBlock (/Users/kimminseob/Desktop/beb/sprint/sec1HA/idid/node_modules/jest-circus/build/run.js:57:9)\n    at _runTestsForDescribeBlock (/Users/kimminseob/Desktop/beb/sprint/sec1HA/idid/node_modules/jest-circus/build/run.js:57:9)\n    at run (/Users/kimminseob/Desktop/beb/sprint/sec1HA/idid/node_modules/jest-circus/build/run.js:25:3)\n    at runAndTransformResultsToJestFormat (/Users/kimminseob/Desktop/beb/sprint/sec1HA/idid/node_modules/jest-circus/build/legacy-code-todo-rewrite/jestAdapterInit.js:176:21)\n    at jestAdapter (/Users/kimminseob/Desktop/beb/sprint/sec1HA/idid/node_modules/jest-circus/build/legacy-code-todo-rewrite/jestAdapter.js:109:19)\n    at runTestInternal (/Users/kimminseob/Desktop/beb/sprint/sec1HA/idid/node_modules/jest-runner/build/runTest.js:380:16)\n    at runTest (/Users/kimminseob/Desktop/beb/sprint/sec1HA/idid/node_modules/jest-runner/build/runTest.js:472:34)"],"fullName":"App 컴포넌트 테스트 페이지 영역이 존재하며, 메뉴 선택에 따라 페이지가 바뀌어야 합니다 `/about` 주소로 이동하면, <About> 페이지가 보여야 합니다","location":null,"status":"failed","title":"`/about` 주소로 이동하면, <About> 페이지가 보여야 합니다"},{"ancestorTitles":["Todos 컴포넌트 테스트","메뉴에 Todos 라는 항목이 존재해야 합니다"],"failureMessages":[],"fullName":"Todos 컴포넌트 테스트 메뉴에 Todos 라는 항목이 존재해야 합니다 Todos 메뉴는 `/todos` 주소로 이동할 수 있어야 합니다","location":null,"status":"pending","title":"Todos 메뉴는 `/todos` 주소로 이동할 수 있어야 합니다"},{"ancestorTitles":["Todos 컴포넌트 테스트","페이지 영역이 존재하며, 메뉴 선택에 따라 페이지가 바뀌어야 합니다"],"failureMessages":[],"fullName":"Todos 컴포넌트 테스트 페이지 영역이 존재하며, 메뉴 선택에 따라 페이지가 바뀌어야 합니다 `#page` 영역에 라우팅에 따른 페이지 분기를 구현해야 합니다","location":null,"status":"pending","title":"`#page` 영역에 라우팅에 따른 페이지 분기를 구현해야 합니다"},{"ancestorTitles":["Todos 컴포넌트 테스트","페이지 영역이 존재하며, 메뉴 선택에 따라 페이지가 바뀌어야 합니다"],"failureMessages":[],"fullName":"Todos 컴포넌트 테스트 페이지 영역이 존재하며, 메뉴 선택에 따라 페이지가 바뀌어야 합니다 `/todos` 주소로 이동하면 <Todos> 페이지가 보여야 합니다","location":null,"status":"pending","title":"`/todos` 주소로 이동하면 <Todos> 페이지가 보여야 합니다"},{"ancestorTitles":["Todos 컴포넌트 테스트","Todos 페이지에 TodoForm과 Todo 컴포넌트가 존재해야 합니다."],"failureMessages":[],"fullName":"Todos 컴포넌트 테스트 Todos 페이지에 TodoForm과 Todo 컴포넌트가 존재해야 합니다. TodoForm 컴포넌트가 존재하는지 체크합니다.","location":null,"status":"pending","title":"TodoForm 컴포넌트가 존재하는지 체크합니다."},{"ancestorTitles":["Todos 컴포넌트 테스트","Todos 페이지에 TodoForm과 Todo 컴포넌트가 존재해야 합니다."],"failureMessages":[],"fullName":"Todos 컴포넌트 테스트 Todos 페이지에 TodoForm과 Todo 컴포넌트가 존재해야 합니다. Todo 컴포넌트가 존재하는지 체크합니다.","location":null,"status":"pending","title":"Todo 컴포넌트가 존재하는지 체크합니다."},{"ancestorTitles":["Todos 컴포넌트 테스트","Todo를 입력하면 새로운 Todo가 생성되어야 합니다."],"failureMessages":[],"fullName":"Todos 컴포넌트 테스트 Todo를 입력하면 새로운 Todo가 생성되어야 합니다. Todo를 작성할 수 있는 input.todo-input 엘리먼트 체크합니다.","location":null,"status":"pending","title":"Todo를 작성할 수 있는 input.todo-input 엘리먼트 체크합니다."},{"ancestorTitles":["Todos 컴포넌트 테스트","Todo를 입력하면 새로운 Todo가 생성되어야 합니다."],"failureMessages":[],"fullName":"Todos 컴포넌트 테스트 Todo를 입력하면 새로운 Todo가 생성되어야 합니다. Todo를 작성 후 등록시키는 button.todo-button 엘리먼트 체크합니다.","location":null,"status":"pending","title":"Todo를 작성 후 등록시키는 button.todo-button 엘리먼트 체크합니다."},{"ancestorTitles":["Todos 컴포넌트 테스트","Todo를 입력하면 새로운 Todo가 생성되어야 합니다."],"failureMessages":[],"fullName":"Todos 컴포넌트 테스트 Todo를 입력하면 새로운 Todo가 생성되어야 합니다. input 엘리먼트 내에 onChange 이벤트 핸들러 존재 여부 체크합니다.","location":null,"status":"pending","title":"input 엘리먼트 내에 onChange 이벤트 핸들러 존재 여부 체크합니다."},{"ancestorTitles":["Todos 컴포넌트 테스트","Todo를 입력하면 새로운 Todo가 생성되어야 합니다."],"failureMessages":[],"fullName":"Todos 컴포넌트 테스트 Todo를 입력하면 새로운 Todo가 생성되어야 합니다. input 엘리먼트에 Todo를 입력하고, button.todo-button을 클릭하면 새로운 Todo가 추가됩니다.","location":null,"status":"pending","title":"input 엘리먼트에 Todo를 입력하고, button.todo-button을 클릭하면 새로운 Todo가 추가됩니다."},{"ancestorTitles":["Todos 컴포넌트 테스트","Todo를 삭제하면 해당 Todo가 완전히 제거되어야 합니다."],"failureMessages":[],"fullName":"Todos 컴포넌트 테스트 Todo를 삭제하면 해당 Todo가 완전히 제거되어야 합니다. Todo를 삭제할 수 있는 아이콘이 존재해야 합니다.","location":null,"status":"pending","title":"Todo를 삭제할 수 있는 아이콘이 존재해야 합니다."},{"ancestorTitles":["Todos 컴포넌트 테스트","Todo를 삭제하면 해당 Todo가 완전히 제거되어야 합니다."],"failureMessages":[],"fullName":"Todos 컴포넌트 테스트 Todo를 삭제하면 해당 Todo가 완전히 제거되어야 합니다. 생성된 Todo가 정상적으로 삭제 되어야 합니다.","location":null,"status":"pending","title":"생성된 Todo가 정상적으로 삭제 되어야 합니다."},{"ancestorTitles":["Todos 컴포넌트 테스트","Todo를 삭제하면 해당 Todo가 완전히 제거되어야 합니다."],"failureMessages":[],"fullName":"Todos 컴포넌트 테스트 Todo를 삭제하면 해당 Todo가 완전히 제거되어야 합니다. 삭제된 Todo가 남아있지 않아야 합니다.","location":null,"status":"pending","title":"삭제된 Todo가 남아있지 않아야 합니다."},{"ancestorTitles":["Todos 컴포넌트 테스트","생성된 Todo를 누르면 line-through가 되며 체크되어야 합니다."],"failureMessages":[],"fullName":"Todos 컴포넌트 테스트 생성된 Todo를 누르면 line-through가 되며 체크되어야 합니다. 생성된 Todo를 클릭을 하면 line-through 가 되어야 합니다. (todo.css에서 .complete 속성 내역 참고)","location":null,"status":"pending","title":"생성된 Todo를 클릭을 하면 line-through 가 되어야 합니다. (todo.css에서 .complete 속성 내역 참고)"},{"ancestorTitles":["Todos 컴포넌트 테스트","생성된 Todo를 누르면 line-through가 되며 체크되어야 합니다."],"failureMessages":[],"fullName":"Todos 컴포넌트 테스트 생성된 Todo를 누르면 line-through가 되며 체크되어야 합니다. todo의 text 외의 부분을 클릭하면 line-through가 되지 않아야 합니다.","location":null,"status":"pending","title":"todo의 text 외의 부분을 클릭하면 line-through가 되지 않아야 합니다."}],"endTime":1665132274678,"message":"  ● Thumbnail 컴포넌트 테스트 › 썸네일이 표현되어야 합니다 › thumbnail 클래스를 가진 <img> 엘리먼트를 리턴해야 합니다\n\n    expect(received).toBeTruthy()\n\n    Received: null\n\n      17 |\n      18 |     const element = container.querySelector('img.thumbnail');\n    > 19 |     expect(element).toBeTruthy(); // img.thumbnail 이 존재해야 합니다\n         |                     ^\n      20 |     expect(element.tagName).toBe('IMG'); // img.thumbnail 의 태그 이름은 img입니다\n      21 |     expect(element.classList.contains('thumbnail')).toBeTruthy();\n      22 |   });\n\n      at Object.<anonymous> (src/__test__/Thumbnail.test.js:19:21)\n\n  ● Thumbnail 컴포넌트 테스트 › 썸네일이 표현되어야 합니다 › `source` 라는 이름의 props으로 이미지 파일 이름을 전달받아야 합니다\n\n    expect(received).toBe(expected) // Object.is equality\n\n    Expected: 1\n    Received: 0\n\n      25 |     render(<Thumbnail source='selfie.jpeg' />, { container });\n      26 |     const props = resq$('Thumbnail', container).props;\n    > 27 |     expect(Thumbnail.length).toBe(1);\n         |                              ^\n      28 |     expect(props).toHaveProperty('source', 'selfie.jpeg');\n      29 |   });\n      30 |\n\n      at Object.<anonymous> (src/__test__/Thumbnail.test.js:27:30)\n\n  ● Thumbnail 컴포넌트 테스트 › 썸네일이 표현되어야 합니다 › <img> 엘리먼트는 props로 받은 source를 적용해 이미지를 표시해야 합니다\n\n    expect(received).toHaveAttribute()\n\n    received value must be an HTMLElement or an SVGElement.\n    Received has value: null\n\n      31 |   it('<img> 엘리먼트는 props로 받은 source를 적용해 이미지를 표시해야 합니다', () => {\n      32 |     render(<Thumbnail source='selfie.jpeg' />, { container });\n    > 33 |     expect(container.querySelector('img.thumbnail')).toHaveAttribute('src', 'selfie.jpeg');\n         |                                                      ^\n      34 |   });\n      35 | });\n      36 |\n\n      at __EXTERNAL_MATCHER_TRAP__ (node_modules/expect/build/index.js:342:30)\n      at Object.toHaveAttribute (node_modules/expect/build/index.js:343:15)\n      at Object.<anonymous> (src/__test__/Thumbnail.test.js:33:54)\n\n  ● Gallery 컴포넌트 테스트 › 사진 목록이 map을 이용한 반복을 통해 보여져야 합니다 › #list 아래에 <a> 엘리먼트가 세 개 있어야합니다\n\n    expect(received).toBe(expected) // Object.is equality\n\n    Expected: 3\n    Received: 0\n\n      16 |   it('#list 아래에 <a> 엘리먼트가 세 개 있어야합니다', () => {\n      17 |     render(<Gallery />, { container });\n    > 18 |     expect(container.querySelectorAll('#list > a').length).toBe(3);\n         |                                                            ^\n      19 |   });\n      20 |\n      21 |   it('<a> 엘리먼트의 자식으로 <Thumbnail> 컴포넌트가 있어야합니다', () => {\n\n      at Object.<anonymous> (src/__test__/Gallery.test.js:18:60)\n\n  ● Gallery 컴포넌트 테스트 › 사진 목록이 map을 이용한 반복을 통해 보여져야 합니다 › <a> 엘리먼트의 자식으로 <Thumbnail> 컴포넌트가 있어야합니다\n\n    expect(received).toBe(expected) // Object.is equality\n\n    Expected: 3\n    Received: 0\n\n      21 |   it('<a> 엘리먼트의 자식으로 <Thumbnail> 컴포넌트가 있어야합니다', () => {\n      22 |     render(<Gallery />, { container });\n    > 23 |     expect(container.querySelectorAll('#list > a > img.thumbnail').length).toBe(3);\n         |                                                                            ^\n      24 |   });\n      25 | });\n      26 |\n\n      at Object.<anonymous> (src/__test__/Gallery.test.js:23:76)\n\n  ● Gallery 컴포넌트 테스트 › 목록에서 선택한 사진은 별도로 크게 보여야 합니다 › `#current-image`에 현재 선택한 사진이 표시되어야 합니다\n\n    TypeError: list.map is not a function\n\n      42 |       <div id=\"list\" className=\"flex\">\n      43 |         {/* TODO */}\n    > 44 |         {list.map((e) => {\n         |               ^\n      45 |           return (\n      46 |             <img\n      47 |               src={e.src}\n\n      at Gallery (src/page/Gallery.js:44:15)\n      at renderWithHooks (node_modules/react-dom/cjs/react-dom.development.js:14985:18)\n      at mountIndeterminateComponent (node_modules/react-dom/cjs/react-dom.development.js:17811:13)\n      at beginWork (node_modules/react-dom/cjs/react-dom.development.js:19049:16)\n      at HTMLUnknownElement.callCallback (node_modules/react-dom/cjs/react-dom.development.js:3945:14)\n      at HTMLUnknownElement.callTheUserObjectsOperation (node_modules/jsdom/lib/jsdom/living/generated/EventListener.js:26:30)\n      at innerInvokeEventListeners (node_modules/jsdom/lib/jsdom/living/events/EventTarget-impl.js:338:25)\n      at invokeEventListeners (node_modules/jsdom/lib/jsdom/living/events/EventTarget-impl.js:274:3)\n      at HTMLUnknownElementImpl._dispatch (node_modules/jsdom/lib/jsdom/living/events/EventTarget-impl.js:221:9)\n      at HTMLUnknownElementImpl.dispatchEvent (node_modules/jsdom/lib/jsdom/living/events/EventTarget-impl.js:94:17)\n      at HTMLUnknownElement.dispatchEvent (node_modules/jsdom/lib/jsdom/living/generated/EventTarget.js:231:34)\n      at Object.invokeGuardedCallbackDev (node_modules/react-dom/cjs/react-dom.development.js:3994:16)\n      at invokeGuardedCallback (node_modules/react-dom/cjs/react-dom.development.js:4056:31)\n      at beginWork$1 (node_modules/react-dom/cjs/react-dom.development.js:23964:7)\n      at performUnitOfWork (node_modules/react-dom/cjs/react-dom.development.js:22779:12)\n      at workLoopSync (node_modules/react-dom/cjs/react-dom.development.js:22707:5)\n      at renderRootSync (node_modules/react-dom/cjs/react-dom.development.js:22670:7)\n      at performSyncWorkOnRoot (node_modules/react-dom/cjs/react-dom.development.js:22293:18)\n      at scheduleUpdateOnFiber (node_modules/react-dom/cjs/react-dom.development.js:21881:7)\n      at updateContainer (node_modules/react-dom/cjs/react-dom.development.js:25482:3)\n      at node_modules/react-dom/cjs/react-dom.development.js:26021:7\n      at unbatchedUpdates (node_modules/react-dom/cjs/react-dom.development.js:22431:12)\n      at legacyRenderSubtreeIntoContainer (node_modules/react-dom/cjs/react-dom.development.js:26020:5)\n      at Object.render (node_modules/react-dom/cjs/react-dom.development.js:26103:10)\n      at node_modules/@testing-library/react/dist/pure.js:101:25\n      at batchedUpdates$1 (node_modules/react-dom/cjs/react-dom.development.js:22380:12)\n      at act (node_modules/react-dom/cjs/react-dom-test-utils.development.js:1042:14)\n      at render (node_modules/@testing-library/react/dist/pure.js:97:26)\n      at Object.<anonymous> (src/__test__/Gallery.test.js:63:5)\n\n  ● Gallery 컴포넌트 테스트 › 사진 목록에 있는 사진을 클릭하면, 현재 선택한 사진이 바뀌어야 합니다 › <a> 엘리먼트를 클릭하면 handleClick 함수가 실행되고, 클릭한 이미지 정보가 인자로 전달되어야 합니다\n\n    TypeError: undefined is not iterable (cannot read property Symbol(Symbol.iterator))\n\n      4 | function Gallery() {\n      5 |   // console.log(images) // npm start를 통해 앱을 열어, 개발자 콘솔을 통해 이미지 목록을 확인할 수 있습니다\n    > 6 |   const [list, setList] = useState(images);\n        |                           ^\n      7 |   const [img, setImg] = useState(images[0]);\n      8 |\n      9 |   const handleClick = (image) => {\n\n      at Gallery (src/page/Gallery.js:6:27)\n      at renderWithHooks (node_modules/react-dom/cjs/react-dom.development.js:14985:18)\n      at mountIndeterminateComponent (node_modules/react-dom/cjs/react-dom.development.js:17811:13)\n      at beginWork (node_modules/react-dom/cjs/react-dom.development.js:19049:16)\n      at HTMLUnknownElement.callCallback (node_modules/react-dom/cjs/react-dom.development.js:3945:14)\n      at HTMLUnknownElement.callTheUserObjectsOperation (node_modules/jsdom/lib/jsdom/living/generated/EventListener.js:26:30)\n      at innerInvokeEventListeners (node_modules/jsdom/lib/jsdom/living/events/EventTarget-impl.js:338:25)\n      at invokeEventListeners (node_modules/jsdom/lib/jsdom/living/events/EventTarget-impl.js:274:3)\n      at HTMLUnknownElementImpl._dispatch (node_modules/jsdom/lib/jsdom/living/events/EventTarget-impl.js:221:9)\n      at HTMLUnknownElementImpl.dispatchEvent (node_modules/jsdom/lib/jsdom/living/events/EventTarget-impl.js:94:17)\n      at HTMLUnknownElement.dispatchEvent (node_modules/jsdom/lib/jsdom/living/generated/EventTarget.js:231:34)\n      at Object.invokeGuardedCallbackDev (node_modules/react-dom/cjs/react-dom.development.js:3994:16)\n      at invokeGuardedCallback (node_modules/react-dom/cjs/react-dom.development.js:4056:31)\n      at beginWork$1 (node_modules/react-dom/cjs/react-dom.development.js:23964:7)\n      at performUnitOfWork (node_modules/react-dom/cjs/react-dom.development.js:22779:12)\n      at workLoopSync (node_modules/react-dom/cjs/react-dom.development.js:22707:5)\n      at renderRootSync (node_modules/react-dom/cjs/react-dom.development.js:22670:7)\n      at performSyncWorkOnRoot (node_modules/react-dom/cjs/react-dom.development.js:22293:18)\n      at scheduleUpdateOnFiber (node_modules/react-dom/cjs/react-dom.development.js:21881:7)\n      at updateContainer (node_modules/react-dom/cjs/react-dom.development.js:25482:3)\n      at node_modules/react-dom/cjs/react-dom.development.js:26021:7\n      at unbatchedUpdates (node_modules/react-dom/cjs/react-dom.development.js:22431:12)\n      at legacyRenderSubtreeIntoContainer (node_modules/react-dom/cjs/react-dom.development.js:26020:5)\n      at Object.render (node_modules/react-dom/cjs/react-dom.development.js:26103:10)\n      at node_modules/@testing-library/react/dist/pure.js:101:25\n      at batchedUpdates$1 (node_modules/react-dom/cjs/react-dom.development.js:22380:12)\n      at act (node_modules/react-dom/cjs/react-dom-test-utils.development.js:1042:14)\n      at render (node_modules/@testing-library/react/dist/pure.js:97:26)\n      at Object.<anonymous> (src/__test__/Gallery.test.js:78:5)\n\n  ● Gallery 컴포넌트 테스트 › 사진 목록에 있는 사진을 클릭하면, 현재 선택한 사진이 바뀌어야 합니다 › handleClick 함수를 통해 선택한 사진에 대한 상태가 변경되어야 합니다\n\n    TypeError: undefined is not iterable (cannot read property Symbol(Symbol.iterator))\n\n      4 | function Gallery() {\n      5 |   // console.log(images) // npm start를 통해 앱을 열어, 개발자 콘솔을 통해 이미지 목록을 확인할 수 있습니다\n    > 6 |   const [list, setList] = useState(images);\n        |                           ^\n      7 |   const [img, setImg] = useState(images[0]);\n      8 |\n      9 |   const handleClick = (image) => {\n\n      at Gallery (src/page/Gallery.js:6:27)\n      at renderWithHooks (node_modules/react-dom/cjs/react-dom.development.js:14985:18)\n      at mountIndeterminateComponent (node_modules/react-dom/cjs/react-dom.development.js:17811:13)\n      at beginWork (node_modules/react-dom/cjs/react-dom.development.js:19049:16)\n      at HTMLUnknownElement.callCallback (node_modules/react-dom/cjs/react-dom.development.js:3945:14)\n      at HTMLUnknownElement.callTheUserObjectsOperation (node_modules/jsdom/lib/jsdom/living/generated/EventListener.js:26:30)\n      at innerInvokeEventListeners (node_modules/jsdom/lib/jsdom/living/events/EventTarget-impl.js:338:25)\n      at invokeEventListeners (node_modules/jsdom/lib/jsdom/living/events/EventTarget-impl.js:274:3)\n      at HTMLUnknownElementImpl._dispatch (node_modules/jsdom/lib/jsdom/living/events/EventTarget-impl.js:221:9)\n      at HTMLUnknownElementImpl.dispatchEvent (node_modules/jsdom/lib/jsdom/living/events/EventTarget-impl.js:94:17)\n      at HTMLUnknownElement.dispatchEvent (node_modules/jsdom/lib/jsdom/living/generated/EventTarget.js:231:34)\n      at Object.invokeGuardedCallbackDev (node_modules/react-dom/cjs/react-dom.development.js:3994:16)\n      at invokeGuardedCallback (node_modules/react-dom/cjs/react-dom.development.js:4056:31)\n      at beginWork$1 (node_modules/react-dom/cjs/react-dom.development.js:23964:7)\n      at performUnitOfWork (node_modules/react-dom/cjs/react-dom.development.js:22779:12)\n      at workLoopSync (node_modules/react-dom/cjs/react-dom.development.js:22707:5)\n      at renderRootSync (node_modules/react-dom/cjs/react-dom.development.js:22670:7)\n      at performSyncWorkOnRoot (node_modules/react-dom/cjs/react-dom.development.js:22293:18)\n      at scheduleUpdateOnFiber (node_modules/react-dom/cjs/react-dom.development.js:21881:7)\n      at updateContainer (node_modules/react-dom/cjs/react-dom.development.js:25482:3)\n      at node_modules/react-dom/cjs/react-dom.development.js:26021:7\n      at unbatchedUpdates (node_modules/react-dom/cjs/react-dom.development.js:22431:12)\n      at legacyRenderSubtreeIntoContainer (node_modules/react-dom/cjs/react-dom.development.js:26020:5)\n      at Object.render (node_modules/react-dom/cjs/react-dom.development.js:26103:10)\n      at node_modules/@testing-library/react/dist/pure.js:101:25\n      at batchedUpdates$1 (node_modules/react-dom/cjs/react-dom.development.js:22380:12)\n      at act (node_modules/react-dom/cjs/react-dom-test-utils.development.js:1042:14)\n      at render (node_modules/@testing-library/react/dist/pure.js:97:26)\n      at Object.<anonymous> (src/__test__/Gallery.test.js:86:5)\n\n  ● App 컴포넌트 테스트 › 메뉴에는 Gallery, About이라는 두 개의 항목이 존재해야 합니다 › ul > li 엘리먼트 아래에 <Link> 컴포넌트가 두 개 존재해야 합니다\n\n    TypeError: undefined is not iterable (cannot read property Symbol(Symbol.iterator))\n\n      14 |\n      15 |   it(\"ul > li 엘리먼트 아래에 <Link> 컴포넌트가 두 개 존재해야 합니다\", () => {\n    > 16 |     render(<App />, { container });\n         |     ^\n      17 |     expect(container.querySelectorAll(\"ul > li > a\")[0].innerHTML).toBe(\n      18 |       \"Gallery\"\n      19 |     );\n\n      at BrowserRouter (node_modules/react-router-dom/index.tsx:254:27)\n      at renderWithHooks (node_modules/react-dom/cjs/react-dom.development.js:14985:18)\n      at mountIndeterminateComponent (node_modules/react-dom/cjs/react-dom.development.js:17811:13)\n      at beginWork (node_modules/react-dom/cjs/react-dom.development.js:19049:16)\n      at HTMLUnknownElement.callCallback (node_modules/react-dom/cjs/react-dom.development.js:3945:14)\n      at HTMLUnknownElement.callTheUserObjectsOperation (node_modules/jsdom/lib/jsdom/living/generated/EventListener.js:26:30)\n      at innerInvokeEventListeners (node_modules/jsdom/lib/jsdom/living/events/EventTarget-impl.js:338:25)\n      at invokeEventListeners (node_modules/jsdom/lib/jsdom/living/events/EventTarget-impl.js:274:3)\n      at HTMLUnknownElementImpl._dispatch (node_modules/jsdom/lib/jsdom/living/events/EventTarget-impl.js:221:9)\n      at HTMLUnknownElementImpl.dispatchEvent (node_modules/jsdom/lib/jsdom/living/events/EventTarget-impl.js:94:17)\n      at HTMLUnknownElement.dispatchEvent (node_modules/jsdom/lib/jsdom/living/generated/EventTarget.js:231:34)\n      at Object.invokeGuardedCallbackDev (node_modules/react-dom/cjs/react-dom.development.js:3994:16)\n      at invokeGuardedCallback (node_modules/react-dom/cjs/react-dom.development.js:4056:31)\n      at beginWork$1 (node_modules/react-dom/cjs/react-dom.development.js:23964:7)\n      at performUnitOfWork (node_modules/react-dom/cjs/react-dom.development.js:22779:12)\n      at workLoopSync (node_modules/react-dom/cjs/react-dom.development.js:22707:5)\n      at renderRootSync (node_modules/react-dom/cjs/react-dom.development.js:22670:7)\n      at performSyncWorkOnRoot (node_modules/react-dom/cjs/react-dom.development.js:22293:18)\n      at scheduleUpdateOnFiber (node_modules/react-dom/cjs/react-dom.development.js:21881:7)\n      at updateContainer (node_modules/react-dom/cjs/react-dom.development.js:25482:3)\n      at node_modules/react-dom/cjs/react-dom.development.js:26021:7\n      at unbatchedUpdates (node_modules/react-dom/cjs/react-dom.development.js:22431:12)\n      at legacyRenderSubtreeIntoContainer (node_modules/react-dom/cjs/react-dom.development.js:26020:5)\n      at Object.render (node_modules/react-dom/cjs/react-dom.development.js:26103:10)\n      at node_modules/@testing-library/react/dist/pure.js:101:25\n      at batchedUpdates$1 (node_modules/react-dom/cjs/react-dom.development.js:22380:12)\n      at act (node_modules/react-dom/cjs/react-dom-test-utils.development.js:1042:14)\n      at render (node_modules/@testing-library/react/dist/pure.js:97:26)\n      at Object.<anonymous> (src/__test__/App.test.js:16:5)\n\n  ● App 컴포넌트 테스트 › 메뉴에는 Gallery, About이라는 두 개의 항목이 존재해야 합니다 › <Link> 컴포넌트는 각각 `/`, `/about` 주소로 이동할 수 있어야 합니다\n\n    TypeError: undefined is not iterable (cannot read property Symbol(Symbol.iterator))\n\n      24 |\n      25 |   it(\"<Link> 컴포넌트는 각각 `/`, `/about` 주소로 이동할 수 있어야 합니다\", () => {\n    > 26 |     render(<App />, { container });\n         |     ^\n      27 |     expect(container.querySelector('ul > li > a[href=\"/\"]').href).toBeDefined();\n      28 |     expect(\n      29 |       container.querySelector('ul > li > a[href=\"/about\"]').href\n\n      at BrowserRouter (node_modules/react-router-dom/index.tsx:254:27)\n      at renderWithHooks (node_modules/react-dom/cjs/react-dom.development.js:14985:18)\n      at mountIndeterminateComponent (node_modules/react-dom/cjs/react-dom.development.js:17811:13)\n      at beginWork (node_modules/react-dom/cjs/react-dom.development.js:19049:16)\n      at HTMLUnknownElement.callCallback (node_modules/react-dom/cjs/react-dom.development.js:3945:14)\n      at HTMLUnknownElement.callTheUserObjectsOperation (node_modules/jsdom/lib/jsdom/living/generated/EventListener.js:26:30)\n      at innerInvokeEventListeners (node_modules/jsdom/lib/jsdom/living/events/EventTarget-impl.js:338:25)\n      at invokeEventListeners (node_modules/jsdom/lib/jsdom/living/events/EventTarget-impl.js:274:3)\n      at HTMLUnknownElementImpl._dispatch (node_modules/jsdom/lib/jsdom/living/events/EventTarget-impl.js:221:9)\n      at HTMLUnknownElementImpl.dispatchEvent (node_modules/jsdom/lib/jsdom/living/events/EventTarget-impl.js:94:17)\n      at HTMLUnknownElement.dispatchEvent (node_modules/jsdom/lib/jsdom/living/generated/EventTarget.js:231:34)\n      at Object.invokeGuardedCallbackDev (node_modules/react-dom/cjs/react-dom.development.js:3994:16)\n      at invokeGuardedCallback (node_modules/react-dom/cjs/react-dom.development.js:4056:31)\n      at beginWork$1 (node_modules/react-dom/cjs/react-dom.development.js:23964:7)\n      at performUnitOfWork (node_modules/react-dom/cjs/react-dom.development.js:22779:12)\n      at workLoopSync (node_modules/react-dom/cjs/react-dom.development.js:22707:5)\n      at renderRootSync (node_modules/react-dom/cjs/react-dom.development.js:22670:7)\n      at performSyncWorkOnRoot (node_modules/react-dom/cjs/react-dom.development.js:22293:18)\n      at scheduleUpdateOnFiber (node_modules/react-dom/cjs/react-dom.development.js:21881:7)\n      at updateContainer (node_modules/react-dom/cjs/react-dom.development.js:25482:3)\n      at node_modules/react-dom/cjs/react-dom.development.js:26021:7\n      at unbatchedUpdates (node_modules/react-dom/cjs/react-dom.development.js:22431:12)\n      at legacyRenderSubtreeIntoContainer (node_modules/react-dom/cjs/react-dom.development.js:26020:5)\n      at Object.render (node_modules/react-dom/cjs/react-dom.development.js:26103:10)\n      at node_modules/@testing-library/react/dist/pure.js:101:25\n      at batchedUpdates$1 (node_modules/react-dom/cjs/react-dom.development.js:22380:12)\n      at act (node_modules/react-dom/cjs/react-dom-test-utils.development.js:1042:14)\n      at render (node_modules/@testing-library/react/dist/pure.js:97:26)\n      at Object.<anonymous> (src/__test__/App.test.js:26:5)\n\n  ● App 컴포넌트 테스트 › 페이지 영역이 존재하며, 메뉴 선택에 따라 페이지가 바뀌어야 합니다 › `#page` 영역에 라우팅에 따른 페이지 분기를 구현해야 합니다\n\n    TypeError: undefined is not iterable (cannot read property Symbol(Symbol.iterator))\n\n      40 |\n      41 |   it(\"`#page` 영역에 라우팅에 따른 페이지 분기를 구현해야 합니다\", () => {\n    > 42 |     render(<App />, { container });\n         |     ^\n      43 |     const routesComponent = resq$(\"Routes\", container);\n      44 |     expect(routesComponent.children).toBeDefined();\n      45 |   });\n\n      at BrowserRouter (node_modules/react-router-dom/index.tsx:254:27)\n      at renderWithHooks (node_modules/react-dom/cjs/react-dom.development.js:14985:18)\n      at mountIndeterminateComponent (node_modules/react-dom/cjs/react-dom.development.js:17811:13)\n      at beginWork (node_modules/react-dom/cjs/react-dom.development.js:19049:16)\n      at HTMLUnknownElement.callCallback (node_modules/react-dom/cjs/react-dom.development.js:3945:14)\n      at HTMLUnknownElement.callTheUserObjectsOperation (node_modules/jsdom/lib/jsdom/living/generated/EventListener.js:26:30)\n      at innerInvokeEventListeners (node_modules/jsdom/lib/jsdom/living/events/EventTarget-impl.js:338:25)\n      at invokeEventListeners (node_modules/jsdom/lib/jsdom/living/events/EventTarget-impl.js:274:3)\n      at HTMLUnknownElementImpl._dispatch (node_modules/jsdom/lib/jsdom/living/events/EventTarget-impl.js:221:9)\n      at HTMLUnknownElementImpl.dispatchEvent (node_modules/jsdom/lib/jsdom/living/events/EventTarget-impl.js:94:17)\n      at HTMLUnknownElement.dispatchEvent (node_modules/jsdom/lib/jsdom/living/generated/EventTarget.js:231:34)\n      at Object.invokeGuardedCallbackDev (node_modules/react-dom/cjs/react-dom.development.js:3994:16)\n      at invokeGuardedCallback (node_modules/react-dom/cjs/react-dom.development.js:4056:31)\n      at beginWork$1 (node_modules/react-dom/cjs/react-dom.development.js:23964:7)\n      at performUnitOfWork (node_modules/react-dom/cjs/react-dom.development.js:22779:12)\n      at workLoopSync (node_modules/react-dom/cjs/react-dom.development.js:22707:5)\n      at renderRootSync (node_modules/react-dom/cjs/react-dom.development.js:22670:7)\n      at performSyncWorkOnRoot (node_modules/react-dom/cjs/react-dom.development.js:22293:18)\n      at scheduleUpdateOnFiber (node_modules/react-dom/cjs/react-dom.development.js:21881:7)\n      at updateContainer (node_modules/react-dom/cjs/react-dom.development.js:25482:3)\n      at node_modules/react-dom/cjs/react-dom.development.js:26021:7\n      at unbatchedUpdates (node_modules/react-dom/cjs/react-dom.development.js:22431:12)\n      at legacyRenderSubtreeIntoContainer (node_modules/react-dom/cjs/react-dom.development.js:26020:5)\n      at Object.render (node_modules/react-dom/cjs/react-dom.development.js:26103:10)\n      at node_modules/@testing-library/react/dist/pure.js:101:25\n      at batchedUpdates$1 (node_modules/react-dom/cjs/react-dom.development.js:22380:12)\n      at act (node_modules/react-dom/cjs/react-dom-test-utils.development.js:1042:14)\n      at render (node_modules/@testing-library/react/dist/pure.js:97:26)\n      at Object.<anonymous> (src/__test__/App.test.js:42:5)\n\n  ● App 컴포넌트 테스트 › 페이지 영역이 존재하며, 메뉴 선택에 따라 페이지가 바뀌어야 합니다 › 기본적으로 <Gallery> 페이지가 보여야 합니다\n\n    TypeError: undefined is not iterable (cannot read property Symbol(Symbol.iterator))\n\n      46 |\n      47 |   it(\"기본적으로 <Gallery> 페이지가 보여야 합니다\", () => {\n    > 48 |     render(<App />, { container });\n         |     ^\n      49 |     expect(container.querySelector(\"#list\")).toBeDefined();\n      50 |     expect(container.querySelector(\"#current-image\")).toBeDefined();\n      51 |   });\n\n      at BrowserRouter (node_modules/react-router-dom/index.tsx:254:27)\n      at renderWithHooks (node_modules/react-dom/cjs/react-dom.development.js:14985:18)\n      at mountIndeterminateComponent (node_modules/react-dom/cjs/react-dom.development.js:17811:13)\n      at beginWork (node_modules/react-dom/cjs/react-dom.development.js:19049:16)\n      at HTMLUnknownElement.callCallback (node_modules/react-dom/cjs/react-dom.development.js:3945:14)\n      at HTMLUnknownElement.callTheUserObjectsOperation (node_modules/jsdom/lib/jsdom/living/generated/EventListener.js:26:30)\n      at innerInvokeEventListeners (node_modules/jsdom/lib/jsdom/living/events/EventTarget-impl.js:338:25)\n      at invokeEventListeners (node_modules/jsdom/lib/jsdom/living/events/EventTarget-impl.js:274:3)\n      at HTMLUnknownElementImpl._dispatch (node_modules/jsdom/lib/jsdom/living/events/EventTarget-impl.js:221:9)\n      at HTMLUnknownElementImpl.dispatchEvent (node_modules/jsdom/lib/jsdom/living/events/EventTarget-impl.js:94:17)\n      at HTMLUnknownElement.dispatchEvent (node_modules/jsdom/lib/jsdom/living/generated/EventTarget.js:231:34)\n      at Object.invokeGuardedCallbackDev (node_modules/react-dom/cjs/react-dom.development.js:3994:16)\n      at invokeGuardedCallback (node_modules/react-dom/cjs/react-dom.development.js:4056:31)\n      at beginWork$1 (node_modules/react-dom/cjs/react-dom.development.js:23964:7)\n      at performUnitOfWork (node_modules/react-dom/cjs/react-dom.development.js:22779:12)\n      at workLoopSync (node_modules/react-dom/cjs/react-dom.development.js:22707:5)\n      at renderRootSync (node_modules/react-dom/cjs/react-dom.development.js:22670:7)\n      at performSyncWorkOnRoot (node_modules/react-dom/cjs/react-dom.development.js:22293:18)\n      at scheduleUpdateOnFiber (node_modules/react-dom/cjs/react-dom.development.js:21881:7)\n      at updateContainer (node_modules/react-dom/cjs/react-dom.development.js:25482:3)\n      at node_modules/react-dom/cjs/react-dom.development.js:26021:7\n      at unbatchedUpdates (node_modules/react-dom/cjs/react-dom.development.js:22431:12)\n      at legacyRenderSubtreeIntoContainer (node_modules/react-dom/cjs/react-dom.development.js:26020:5)\n      at Object.render (node_modules/react-dom/cjs/react-dom.development.js:26103:10)\n      at node_modules/@testing-library/react/dist/pure.js:101:25\n      at batchedUpdates$1 (node_modules/react-dom/cjs/react-dom.development.js:22380:12)\n      at act (node_modules/react-dom/cjs/react-dom-test-utils.development.js:1042:14)\n      at render (node_modules/@testing-library/react/dist/pure.js:97:26)\n      at Object.<anonymous> (src/__test__/App.test.js:48:5)\n\n  ● App 컴포넌트 테스트 › 페이지 영역이 존재하며, 메뉴 선택에 따라 페이지가 바뀌어야 합니다 › `/about` 주소로 이동하면, <About> 페이지가 보여야 합니다\n\n    TypeError: undefined is not iterable (cannot read property Symbol(Symbol.iterator))\n\n      52 |\n      53 |   it(\"`/about` 주소로 이동하면, <About> 페이지가 보여야 합니다\", () => {\n    > 54 |     render(<App />, { container });\n         |     ^\n      55 |     fireEvent.click(container.querySelector(\"a[href='/about']\"));\n      56 |\n      57 |     expect(container.querySelector(\"#about-page\")).toBeDefined();\n\n      at BrowserRouter (node_modules/react-router-dom/index.tsx:254:27)\n      at renderWithHooks (node_modules/react-dom/cjs/react-dom.development.js:14985:18)\n      at mountIndeterminateComponent (node_modules/react-dom/cjs/react-dom.development.js:17811:13)\n      at beginWork (node_modules/react-dom/cjs/react-dom.development.js:19049:16)\n      at HTMLUnknownElement.callCallback (node_modules/react-dom/cjs/react-dom.development.js:3945:14)\n      at HTMLUnknownElement.callTheUserObjectsOperation (node_modules/jsdom/lib/jsdom/living/generated/EventListener.js:26:30)\n      at innerInvokeEventListeners (node_modules/jsdom/lib/jsdom/living/events/EventTarget-impl.js:338:25)\n      at invokeEventListeners (node_modules/jsdom/lib/jsdom/living/events/EventTarget-impl.js:274:3)\n      at HTMLUnknownElementImpl._dispatch (node_modules/jsdom/lib/jsdom/living/events/EventTarget-impl.js:221:9)\n      at HTMLUnknownElementImpl.dispatchEvent (node_modules/jsdom/lib/jsdom/living/events/EventTarget-impl.js:94:17)\n      at HTMLUnknownElement.dispatchEvent (node_modules/jsdom/lib/jsdom/living/generated/EventTarget.js:231:34)\n      at Object.invokeGuardedCallbackDev (node_modules/react-dom/cjs/react-dom.development.js:3994:16)\n      at invokeGuardedCallback (node_modules/react-dom/cjs/react-dom.development.js:4056:31)\n      at beginWork$1 (node_modules/react-dom/cjs/react-dom.development.js:23964:7)\n      at performUnitOfWork (node_modules/react-dom/cjs/react-dom.development.js:22779:12)\n      at workLoopSync (node_modules/react-dom/cjs/react-dom.development.js:22707:5)\n      at renderRootSync (node_modules/react-dom/cjs/react-dom.development.js:22670:7)\n      at performSyncWorkOnRoot (node_modules/react-dom/cjs/react-dom.development.js:22293:18)\n      at scheduleUpdateOnFiber (node_modules/react-dom/cjs/react-dom.development.js:21881:7)\n      at updateContainer (node_modules/react-dom/cjs/react-dom.development.js:25482:3)\n      at node_modules/react-dom/cjs/react-dom.development.js:26021:7\n      at unbatchedUpdates (node_modules/react-dom/cjs/react-dom.development.js:22431:12)\n      at legacyRenderSubtreeIntoContainer (node_modules/react-dom/cjs/react-dom.development.js:26020:5)\n      at Object.render (node_modules/react-dom/cjs/react-dom.development.js:26103:10)\n      at node_modules/@testing-library/react/dist/pure.js:101:25\n      at batchedUpdates$1 (node_modules/react-dom/cjs/react-dom.development.js:22380:12)\n      at act (node_modules/react-dom/cjs/react-dom-test-utils.development.js:1042:14)\n      at render (node_modules/@testing-library/react/dist/pure.js:97:26)\n      at Object.<anonymous> (src/__test__/App.test.js:54:5)\n","name":"/Users/kimminseob/Desktop/beb/sprint/sec1HA/idid/src/__test__/index.test.js","startTime":1665132273581,"status":"failed","summary":""}],"wasInterrupted":false}